  ResAtom  Shift   Unknown
  2.CA      57.747 0
  2.HA       3.828 0
  2.CB      64.310 0
  2.HB2      4.480 0
  2.C      173.251 0
  3.N      126.269 0
  3.HN       8.586 0
  3.CA      55.872 0
  3.HA       4.455 0
  3.CB      43.685 0
  3.HB2      1.659 0
  3.HB1      1.330 2
  3.CG      25.832 0
  3.HG       1.299 0
  3.CD1     25.930 1
  3.HD11     0.840 1
  3.CD2     21.980 1
  3.HD21     0.850 1
  3.C      176.961 0
  4.N      114.704 0
  4.HN       7.576 0
  4.CA      54.935 0
  4.HA       5.423 0
  4.CB      34.310 0
  4.HB2      1.710 1
  4.HB1      1.530 2
  4.CG      25.033 0
  4.HG2      1.380 1
  4.HG1      1.410 2
  4.CD      29.020 0
  4.HD2      1.595 1
  4.HD1      0.860 2
  4.CE      41.968 0
  4.HE2      2.874 0
  4.C      175.762 0
  5.N      114.686 0
  5.HN       9.128 0
  5.CA      58.685 0
  5.HA       5.189 0
  5.CB      35.248 0
  5.HB       2.118 0
  5.CG2     19.950 1
  5.HG21     0.850 1
  5.CG1     21.990 1
  5.HG11     1.030 1
  5.C      172.481 0
  6.N      121.360 0
  6.HN       9.310 0
  6.CA      53.060 0
  6.HA       5.391 0
  6.CB      33.373 0
  6.HB2      1.709 0
  6.HB1      1.480 2
  6.CG      26.994 0
  6.HG2      1.389 0
  6.HG1      1.390 2
  6.CD      43.501 0
  6.HD2      3.170 0
  6.HD1      3.170 2
  6.C      175.740 0
  7.N      127.124 0
  7.HN       9.015 0
  7.CA      52.300 1
  7.HA       4.320 1
  7.CB      19.330 1
  7.HB1      1.379 0
  7.C      178.437 0
  8.N      124.902 0
  8.HN       9.664 0
  8.CA      55.100 1
  8.HA       4.333 0
  8.CB      43.060 1
  8.HB2      1.560 2
  8.HB1      1.560 1
  8.CG      27.550 1
  8.HG       1.570 1
  8.CD1     22.450 1
  8.HD11     0.780 1
  8.CD2     25.310 1
  8.HD21     0.770 1
  8.C      176.033 0
  9.N      114.898 0
  9.HN       7.400 0
  9.CA      53.997 1
  9.HA       4.569 1
  9.CB      36.185 1
  9.HB2      1.994 1
  9.HB1      1.994 2
  9.CG      23.503 1
  9.HG2      1.379 1
  9.HG1      1.379 2
  9.CD      29.198 1
  9.HD2      1.680 1
  9.HD1      1.680 2
  9.CE      41.957 0
  9.HE2      2.975 0
  9.C      172.408 0
 10.N      116.972 0
 10.HN       8.150 0
 10.CA      53.997 0
 10.HA       4.649 0
 10.CB      41.810 0
 10.HB2      2.710 1
 10.HB1      2.620 2
 10.C      176.290 0
 11.N      121.692 0
 11.HN       9.114 0
 11.CA      58.685 0
 11.HA       3.110 0
 11.CB      42.930 1
 11.HB2      3.110 1
 11.HB1      2.760 2
 11.CD1    129.410 1
 11.HD1      7.540 1
 11.CE1    130.538 3
 11.HE1      6.970 3
 11.CD2    130.538 0
 11.HD2      7.002 0
 11.C      171.398 0
 12.N      126.554 0
 12.HN       7.796 0
 12.CA      55.872 0
 12.HA       4.829 0
 12.CB      30.560 0
 12.HB2      3.010 1
 12.HB1      2.910 2
 12.CD1    122.746 0
 12.HD1      6.910 0
 12.NE1    128.822 0
 12.HE1     10.031 0
 12.CZ2    130.250 1
 12.HZ2      7.390 1
 12.CH2    126.121 0
 12.HH2      7.228 0
 12.CZ3    126.949 0
 12.HZ3      6.890 0
 12.CE3    115.248 0
 12.HE3      6.798 0
 12.C      174.758 0
 13.N      126.223 0
 13.HN       8.467 0
 13.CA      53.060 0
 13.HA       4.432 0
 13.CB      30.560 0
 13.C      174.766 0
 14.N      122.413 0
 14.HN       8.520 0
 14.CA      54.400 1
 14.HA       5.146 0
 14.CB      43.200 1
 14.HB2      2.552 0
 14.HG       1.659 0
 14.CD1     20.257 0
 14.HD11     0.903 0
 14.CD2     20.257 0
 14.HD21     0.903 0
 14.C      175.429 0
 15.N      121.869 0
 15.HN       8.711 0
 15.CA      54.935 0
 15.CB      33.373 0
 17.CA      64.310 0
 17.HA       4.589 0
 17.CB      32.435 0
 17.HB2      2.460 1
 17.HB1      2.120 2
 17.CG      26.870 1
 17.HG2      2.120 1
 17.HG1      2.060 2
 17.CD      51.220 0
 17.HD2      4.090 1
 17.HD1      3.960 2
 17.C      177.299 0
 18.N      108.666 0
 18.HN       8.412 0
 18.CA      61.910 1
 18.HA       4.647 0
 18.CB      69.935 0
 18.HB       4.066 0
 18.CG2     22.110 1
 18.HG21     1.310 1
 18.C      174.379 0
 19.N      125.648 0
 19.HN       7.695 0
 19.CA      52.122 0
 19.HA       4.836 0
 19.CB      20.808 0
 19.HB1      0.890 0
 19.C      176.839 0
 20.N      125.993 0
 20.HN       9.147 0
 20.CA      53.997 0
 20.HA       4.212 0
 20.CB      44.020 1
 20.HB2      1.723 0
 20.HB1      0.960 2
 20.CG      25.849 0
 20.HG       0.950 0
 20.CD1     22.910 1
 20.HD11     0.690 1
 20.CD2     25.930 1
 20.HD21     0.530 1
 20.C      174.021 0
 21.N      123.689 0
 21.HN       8.138 0
 21.CA      53.060 0
 21.HA       4.916 0
 21.CB      37.500 1
 21.HB2      2.060 1
 21.HB1      2.060 2
 21.HD21     6.880 2
 21.HD22     6.190 2
 21.C      174.463 0
 22.N      125.539 0
 22.HN       9.218 0
 22.CA      61.497 0
 22.HA       4.134 0
 22.CB      35.248 0
 22.HB       2.141 0
 22.CG2     21.480 1
 22.HG21     0.810 1
 22.CG1     23.590 1
 22.HG11     0.780 1
 22.C      174.412 0
 23.N      127.699 0
 23.HN       9.083 0
 23.CA      53.060 0
 23.HA       4.897 0
 23.CB      31.870 1
 23.HB2      1.700 2
 23.HB1      1.700 1
 23.CG      26.767 0
 23.HG2      1.610 1
 23.HG1      1.540 1
 23.CD      43.130 1
 23.HD2      3.080 1
 23.HD1      3.080 2
 23.C      175.387 0
 24.N      124.123 0
 24.HN       8.923 0
 24.CA      53.997 0
 24.HA       3.300 1
 24.CB      17.610 1
 24.HB1      1.120 1
 24.C      177.929 0
 25.N      112.566 0
 25.HN       8.868 0
 25.CA      44.623 0
 25.HA2      3.439 0
 25.HA1      4.470 0
 25.C      174.327 0
 26.N      122.913 0
 26.HN       8.567 0
 26.CA      55.872 0
 26.HA       4.458 0
 26.CB      41.600 1
 26.HB2      2.277 0
 26.HB1      2.684 0
 26.C      174.868 0
 27.N      121.474 0
 27.HN       8.407 0
 27.CA      62.435 0
 27.HA       4.671 0
 27.CB      32.435 0
 27.HB       1.949 0
 27.CG2     21.230 1
 27.HG21     0.880 1
 27.CG1     21.820 1
 27.HG11     0.980 1
 27.C      175.115 0
 28.N      129.119 0
 28.HN       9.256 0
 28.CA      60.010 1
 28.HA       4.303 0
 28.CB      41.810 0
 28.HB       1.365 0
 28.CG1     26.882 0
 28.HG12     1.370 1
 28.HG11     1.230 1
 28.CD1     13.960 1
 28.HD11    -0.005 0
 28.CG2     18.290 1
 28.HG21     0.490 1
 28.C      175.848 0
 29.N      124.292 0
 29.HN       9.017 0
 29.CA      63.372 0
 29.HA       4.715 0
 29.CB      68.997 0
 29.HB       4.048 0
 29.CG2     21.980 1
 29.HG21     1.145 1
 29.C      174.205 0
 30.N      129.047 0
 30.HN       9.155 0
 30.CA      64.310 0
 30.HA       4.099 0
 30.CB      31.498 0
 30.HB       2.052 0
 30.CG2     21.780 1
 30.HG21     0.650 1
 30.CG1     24.200 1
 30.HG11     1.170 1
 30.C      175.037 0
 31.N      128.448 0
 31.HN       9.293 0
 31.CA      56.810 0
 31.HA       3.705 0
 31.CB      41.810 0
 31.HB2      1.280 2
 31.HB1      1.150 2
 31.HG       1.150 0
 31.CD1     23.290 1
 31.HD11     0.610 1
 31.CD2     24.710 1
 31.HD21     0.710 1
 31.C      177.148 0
 32.N      115.032 0
 32.HN       7.813 0
 32.CA      54.750 1
 32.HA       4.074 0
 32.CB      29.623 0
 32.HB2      1.500 1
 32.HB1      1.500 2
 32.CG      32.770 1
 32.HG2      1.380 1
 32.HG1      0.580 2
 32.C      174.042 0
 33.N      125.464 0
 33.HN       8.211 0
 33.CA      55.214 1
 33.HA       4.490 1
 33.CB      24.730 1
 33.HB1      1.101 0
 33.CG      43.400 1
 33.HG2      2.097 0
 33.C      174.250 0
 34.N      125.503 0
 34.HN       8.521 0
 34.CA      54.935 0
 34.CB      35.248 0
 35.CA      65.247 0
 35.HA       4.467 0
 35.CB      31.498 0
 35.HB2      1.947 0
 35.HB1      2.310 2
 35.CG      27.070 1
 35.HG2      1.950 2
 35.HD2      2.980 2
 35.HD1      3.650 2
 35.C      176.892 0
 36.N      120.479 0
 36.HN      10.357 0
 36.CA      53.997 0
 36.HA       4.544 0
 36.CB      40.250 1
 36.HB2      2.635 0
 36.HB1      2.885 0
 36.C      176.866 0
 37.N      108.453 0
 37.HN       8.350 0
 37.CA      44.980 1
 37.HA2      3.748 0
 37.HA1      4.209 0
 37.C      174.120 0
 38.N      118.772 0
 38.HN       8.041 0
 38.CA      56.810 0
 38.HA       4.263 0
 38.CB      31.730 1
 38.HB2      1.660 1
 38.HB1      1.810 2
 38.CG      26.790 1
 38.HG2      1.270 0
 38.HG1      1.270 2
 38.CD      43.699 0
 38.HD2      2.655 0
 38.HD1      3.019 0
 38.C      175.149 0
 39.N      120.777 0
 39.HN       8.289 0
 39.CA      53.997 0
 39.HA       2.782 0
 39.CB      31.670 1
 39.HB2      2.780 1
 39.HB1      1.940 2
 39.CD1    120.428 0
 39.HD1      7.140 1
 39.NE1    128.512 0
 39.HE1     10.065 0
 39.CZ2    130.820 1
 39.HZ2      7.460 1
 39.CH2    124.381 0
 39.HH2      7.160 1
 39.CZ3    121.810 0
 39.HZ3      7.139 0
 39.CE3    117.681 0
 39.HE3      7.450 0
 39.C      173.619 0
 40.N      121.898 0
 40.HN       9.000 0
 40.CA      54.935 0
 40.HA       4.689 0
 40.CB      36.410 1
 40.HB2      1.610 1
 40.HB1      1.430 2
 40.CG      25.770 1
 40.HG2      1.010 1
 40.HG1      0.300 2
 40.CD      29.340 1
 40.HD2      1.390 1
 40.HD1      1.390 2
 40.CE      41.760 1
 40.HE2      2.620 1
 40.HE1      2.510 2
 40.C      176.322 0
 41.N      114.337 0
 41.HN       9.679 0
 41.CA      45.560 0
 41.HA2      3.737 0
 41.HA1      5.338 0
 41.C      168.919 0
 42.N      119.303 0
 42.HN       8.834 0
 42.CA      53.997 0
 42.HA       5.701 0
 42.CB      36.185 0
 42.HB2      3.010 2
 42.HB1      3.010 1
 42.CD2    115.290 1
 42.HD2      6.740 3
 42.C      174.020 0
 43.N      126.387 0
 43.HN       9.108 0
 43.CA      60.700 1
 43.HA       4.313 0
 43.CB      40.873 0
 43.HB       1.520 1
 43.CG1     28.675 0
 43.HG12     0.980 1
 43.HG11     1.510 1
 43.CD1     13.990 1
 43.HD11     0.810 1
 43.CG2     17.170 1
 43.HG21     0.857 0
 43.C      173.996 0
 44.N      127.232 0
 44.HN       8.634 0
 44.CA      55.872 0
 44.HA       3.227 0
 44.CB      30.560 0
 44.HB2      3.230 1
 44.HB1      2.940 2
 44.CE1    118.020 1
 44.HE1      7.410 3
 44.C      174.176 0
 45.N      121.943 0
 45.HN       8.443 0
 45.CA      52.122 0
 45.CB      38.998 0
 49.CA      46.090 1
 49.HA2      3.920 1
 49.HA1      4.070 1
 49.C      173.725 0
 50.N      111.486 0
 50.HN       7.598 0
 50.CA      60.800 1
 50.HA       4.501 0
 50.CB      70.872 0
 50.HB       4.192 0
 50.CG2     21.297 0
 50.HG21     1.132 0
 50.C      172.911 0
 51.N      121.756 0
 51.HN       8.512 0
 51.CA      53.997 0
 51.CB      42.748 0
 52.CA      55.872 0
 52.HA       4.679 0
 52.CB      32.435 0
 52.HB2      1.780 0
 52.CG      27.583 0
 52.HG2      1.635 0
 52.CD      43.626 0
 52.HD1      3.272 0
 52.HE       3.272 0
 52.C      173.669 0
 53.N      121.349 0
 53.HN       8.337 0
 53.CA      59.622 0
 53.HA       5.379 0
 53.CB      41.810 0
 53.HB       1.579 0
 53.CG1     28.375 0
 53.HG12     1.470 1
 53.HG11     1.450 1
 53.CD1     13.880 1
 53.HD11     0.700 1
 53.CG2     17.610 1
 53.HG21     0.782 0
 53.C      176.042 0
 54.N      111.752 0
 54.HN       8.561 0
 54.CA      45.560 0
 54.HA2      4.063 0
 54.C      171.241 0
 55.N      119.561 0
 55.HN       9.099 0
 55.CA      57.747 0
 55.HA       5.961 0
 55.CB      40.873 0
 55.HB2      2.830 1
 55.HB1      2.770 2
 55.CD1    128.832 0
 55.HD1      7.021 0
 55.CE1    120.437 0
 55.HE1      6.805 0
 55.CE2    120.437 0
 55.HE2      6.805 0
 55.CD2    128.832 0
 55.HD2      7.021 0
 55.C      176.892 0
 56.N      119.118 0
 56.HN       9.381 0
 56.CA      54.935 0
 56.CB      39.350 1
 56.HB2      3.000 2
 56.HB1      2.660 2
 56.CD1    129.740 0
 56.HD1      7.020 1
 56.HE1      6.946 0
 56.CE2    128.814 0
 56.HE2      6.946 0
 56.CD2    130.666 0
 56.HD2      6.995 0
 58.CA      63.700 1
 58.HA       3.470 1
 58.CB      29.810 1
 58.HB2      1.370 2
 58.HB1      1.370 1
 58.CG      26.720 1
 58.HG2      1.370 2
 58.HG1      0.760 1
 58.CD      50.610 1
 58.HD2      3.530 2
 58.HD1      3.200 1
 58.C      177.481 0
 59.N      127.634 0
 59.HN       8.182 0
 59.CA      46.060 1
 59.HA2      3.695 0
 59.HA1      3.928 0
 59.C      174.948 0
 60.N      109.563 0
 60.HN       6.965 0
 60.CA      61.250 1
 60.HA       4.535 0
 60.CB      38.060 0
 60.HB       2.271 0
 60.CG1     25.740 0
 60.HG12     1.600 1
 60.HG11     1.600 1
 60.CD1     15.460 1
 60.HD11     0.770 1
 60.CG2     17.288 0
 60.HG21     0.800 1
 60.C      174.319 0
 61.N      111.523 0
 61.HN       7.358 0
 61.CA      58.685 0
 61.HA       5.400 0
 61.CB      35.440 1
 61.HB       1.990 1
 61.CG2     18.030 1
 61.HG21     0.960 1
 61.CG1     22.100 1
 61.HG11     0.670 1
 61.C      173.923 0
 62.N      117.671 0
 62.HN       8.581 0
 62.CA      53.640 1
 62.HA       4.873 0
 62.CB      33.373 0
 62.CG      35.338 0
 62.HG2      2.290 1
 62.HG1      2.180 1
 62.C      175.007 0
 63.N      123.760 0
 63.HN       8.872 0
 63.CA      62.413 0
 63.HA       4.120 1
 63.CB      32.500 1
 63.HB       2.100 1
 63.CG2     21.220 1
 63.HG21     1.010 1
 63.CG1     20.450 1
 63.HG11     0.890 1
 63.C      174.958 0
 64.N      129.417 0
 64.HN       7.969 0
 64.CA      56.810 0
 64.HA       4.320 0
 64.CB      32.435 0
 64.HB       2.980 1
 64.CG2     24.710 1
 64.HG21     1.420 1
 64.CG1     28.900 1
 64.HG11     1.660 1
 64.C      176.281 0
 65.N      121.533 0
 65.HN       8.064 0
 65.CA      62.435 0
 66.CA      56.810 0
 66.HA       4.336 0
 66.CB      33.373 0
 66.HB2      1.839 0
 66.CG      24.625 0
 66.HG2      1.422 0
 66.CD      28.874 0
 66.HD2      1.680 0
 66.CE      42.076 0
 66.HE2      2.971 0
 66.C      175.197 0
 67.N      127.931 0
 67.HN       8.052 0
 67.CA      56.810 0
 67.CB      31.498 0
