 ResAtom   Shift   Unknown
 18.N      120.228 1
 18.HN       8.312 1
 19.N      119.872 1
 19.HN       8.337 1
 20.N      119.853 1
 20.HN       8.077 1
 21.N      108.759 1
 21.HN       8.089 1
 23.N      122.086 1
 23.HN       8.285 1
 23.CD1    133.230 3
 23.HD1      7.080 3
 23.CE1    118.370 3
 23.HE1      6.780 3
 26.CA      62.357 1
 26.HA       4.452 1
 26.CB      44.747 1
 26.HB1      2.199 2
 26.CG      26.371 1
 26.HG1      1.850 2
 26.CD      44.371 1
 26.C      177.786 1
 27.N      120.523 1
 27.HN       8.751 1
 27.CA      56.875 1
 27.HA       5.353 1
 27.CB      41.784 1
 27.HB2      2.895 2
 27.HB1      3.663 2
 27.HD1      7.160 3
 27.C      175.645 1
 28.N      116.029 1
 28.HN       9.136 1
 28.CA      56.053 1
 28.HA       5.090 1
 28.CB      28.080 1
 28.HB2      2.750 2
 28.HB1      3.062 2
 28.C      173.510 1
 29.N      109.097 1
 29.HN       7.634 1
 29.CA      44.737 1
 29.HA2      3.940 2
 29.HA1      4.468 2
 29.C      171.998 1
 30.N      119.670 1
 30.HN       8.756 1
 30.CA      55.243 1
 30.HA       5.457 1
 30.CB      35.148 1
 30.HB2      1.664 2
 30.HB1      1.593 2
 30.CG      27.371 1
 30.HG2      0.920 2
 30.HG1      0.720 2
 30.CD      44.371 1
 30.HD2      3.058 2
 30.HD1      3.058 2
 30.C      174.238 1
 31.N      123.551 1
 31.HN       9.217 1
 31.CA      49.805 1
 31.HA       5.350 1
 31.CB      22.431 1
 31.HB1      1.220 1
 31.C      174.124 1
 32.N      121.966 1
 32.HN       9.195 1
 32.CA      53.829 1
 32.HA       5.260 1
 32.CB      32.957 1
 32.HB2      1.507 2
 32.HB1      1.413 2
 32.CG      27.371 1
 32.HG2      1.390 2
 32.HG1      0.776 2
 32.CD      43.371 1
 32.HD2      3.234 2
 32.HD1      3.234 2
 32.C      176.525 1
 33.N      131.478 1
 33.HN       9.424 1
 33.CA      63.383 1
 33.HA       3.877 1
 33.CB      32.448 1
 33.HB       2.185 1
 33.CG2     23.174 1
 33.HG21     0.680 2
 33.CG1     23.520 1
 33.HG11     0.790 2
 33.C      176.668 1
 34.N      125.860 1
 34.HN       8.899 1
 34.CA      54.907 1
 34.HA       5.096 1
 34.CB      32.339 1
 34.HB2      2.995 2
 34.HB1      3.290 2
 34.CD2    118.570 1
 34.HD2      6.860 3
 34.CE1    140.150 1
 34.HE1      7.860 3
 34.C      175.111 1
 35.N      121.849 1
 35.HN       7.084 1
 35.CA      62.659 1
 35.HA       4.472 1
 35.CB      74.195 1
 35.HB       3.837 1
 35.CG2     20.270 1
 35.HG21     1.270 1
 35.C      169.990 1
 36.N      122.255 1
 36.HN       8.082 1
 36.CA      54.767 1
 36.HA       4.221 1
 36.CB      41.387 1
 36.HB2      2.495 2
 36.HB1      2.658 2
 36.C      175.638 1
 37.N      119.191 1
 37.HN       8.239 1
 37.CA      59.223 1
 37.HA       4.372 1
 37.CB      41.090 1
 37.HB2      2.380 2
 37.HB1      2.260 2
 37.CD1    132.180 3
 37.HD1      7.140 3
 37.CE1    132.510 3
 37.HE1      6.930 3
 37.C      172.893 1
 38.N      125.851 1
 38.HN       7.795 1
 38.CA      58.738 1
 38.HA       4.460 1
 38.CB      70.026 1
 38.HB       3.660 1
 38.CG2     21.660 1
 38.HG21     1.050 1
 39.CA      61.857 1
 39.HA       4.241 1
 39.CB      32.863 1
 39.HB2      2.420 2
 39.HB1      2.162 2
 39.CG      26.870 1
 39.HG2      1.780 2
 39.HG1      1.820 2
 39.CD      51.455 1
 39.HD2      3.140 2
 39.HD1      3.140 2
 39.C      176.247 1
 40.N      118.957 1
 40.HN       9.060 1
 40.CA      57.116 1
 40.HA       4.110 1
 40.CB      62.894 1
 40.HB2      3.880 2
 40.HB1      3.880 2
 41.CA      64.747 1
 41.HA       4.200 1
 41.CB      31.784 1
 41.HB2      2.170 2
 41.HB1      1.400 2
 41.CG      27.368 1
 41.HG2      1.890 2
 41.HG1      1.770 2
 41.CD      50.810 1
 41.HD2      3.800 2
 41.HD1      3.645 2
 41.C      176.712 1
 42.N      113.295 1
 42.HN       7.365 1
 42.CA      57.277 1
 42.HA       4.514 1
 42.CB      37.680 1
 42.HB2      2.818 2
 42.HB1      3.277 2
 42.CD1    133.210 3
 42.HD1      7.100 3
 42.CE1    118.520 3
 42.HE1      6.860 3
 42.C      175.549 1
 43.N      122.955 1
 43.HN       7.615 1
 43.CA      52.918 1
 43.HA       4.958 1
 43.CB      40.414 1
 43.HB2      2.638 2
 43.HB1      3.133 2
 43.C      176.779 1
 44.N      113.630 1
 44.HN       8.075 1
 44.CA      63.210 1
 44.HA       4.470 1
 44.CB      69.350 1
 44.HB       4.228 1
 44.CG2     21.720 1
 44.HG21     1.230 1
 45.N      120.396 1
 45.HN       8.560 1
 45.CA      55.112 1
 45.HA       4.886 1
 45.CB      41.965 1
 45.HB2      2.751 2
 45.HB1      2.751 2
 45.C      176.808 1
 46.N      117.063 1
 46.HN       8.019 1
 46.CA      59.200 1
 46.HA       4.809 1
 46.CB      63.876 1
 46.HB2      3.800 2
 46.HB1      4.063 2
 46.C      174.179 1
 47.N      122.313 1
 47.HN       8.637 1
 47.CA      54.723 1
 47.HA       4.264 1
 47.CB      44.176 1
 47.HB2      1.130 2
 47.HB1      1.490 2
 47.CD1     21.716 1
 47.HD11     0.799 2
 47.CD2     25.515 1
 47.HD21     0.632 4
 47.C      176.490 1
 48.N      123.206 1
 48.HN       8.297 1
 48.CA      56.491 1
 48.HA       4.590 1
 48.CB      32.527 1
 48.HB2      1.843 2
 48.HB1      1.687 2
 48.CG      29.412 1
 48.HG2      1.520 2
 48.HG1      1.520 2
 48.CD      25.515 1
 48.HD2      1.210 2
 48.HD1      1.210 2
 48.CE      42.367 1
 48.HE2      2.930 2
 48.HE1      2.930 2
 48.C      175.914 1
 49.N      120.025 1
 49.HN       8.510 1
 49.CA      59.608 1
 49.HA       4.850 1
 49.CB      41.274 1
 49.HB       1.926 1
 49.CG1     25.371 2
 49.HG12     1.380 1
 49.HG11     1.630 1
 49.CD1     12.174 1
 49.HD11     0.771 1
 49.CG2     18.077 1
 49.HG21     0.616 2
 49.C      174.177 1
 50.N      125.583 1
 50.HN       9.188 1
 50.CA      53.359 1
 50.HA       4.851 1
 50.CB      35.896 1
 50.HB1      1.214 2
 50.CG      28.371 1
 50.HG1      1.318 2
 50.CD      23.371 1
 50.HD1      1.594 2
 50.CE      42.371 1
 50.HE1      2.953 2
 50.C      174.990 1
 51.N      121.124 1
 51.HN       8.625 1
 51.CA      58.716 1
 51.HA       3.399 1
 51.CB      32.380 1
 51.HB2      1.566 2
 51.HB1      1.660 2
 51.CG      29.371 1
 51.HG2      1.580 2
 51.HG1      1.580 2
 51.CD      24.371 1
 51.HD2      1.220 2
 51.HD1      1.220 2
 51.CE      42.371 1
 51.HE2      2.950 2
 51.HE1      2.950 2
 51.C      177.316 1
 52.N      114.769 1
 52.HN       8.968 1
 52.CA      44.802 1
 52.HA2      3.418 2
 52.HA1      4.518 2
 52.C      174.613 1
 53.N      122.841 1
 53.HN       8.501 1
 53.CA      55.857 1
 53.HA       4.415 1
 53.CB      42.144 1
 53.HB2      2.357 2
 53.HB1      2.683 2
 53.C      174.982 1
 54.N      120.609 1
 54.HN       8.286 1
 54.CA      58.866 1
 54.HA       4.932 1
 54.CB      38.231 1
 54.HB       1.782 1
 54.CG1     27.371 2
 54.HG12     1.143 1
 54.HG11     1.143 1
 54.CD1     11.627 1
 54.HD11     0.778 1
 54.CG2     17.458 1
 54.HG21     0.688 2
 54.C      174.841 1
 55.N      126.351 1
 55.HN       9.031 1
 55.CA      59.379 1
 55.HA       4.154 1
 55.CB      42.200 1
 55.HB       1.075 1
 55.CD1     12.954 1
 55.HD11    -0.310 1
 55.CG2     17.541 2
 55.HG21     0.339 2
 55.C      176.032 1
 56.N      127.136 1
 56.HN       8.150 1
 56.CA      54.797 1
 56.HA       4.855 1
 56.CB      42.197 1
 56.HB2      0.966 2
 56.HB1      1.748 2
 56.C      174.812 1
 57.N      123.346 1
 57.HN       8.899 1
 57.CA      64.079 1
 57.CB      38.367 1
 57.CD1     14.753 1
 57.HD11     0.941 1
 57.CG2     19.260 2
 57.HG21     0.737 4
 58.CA      63.934 1
 58.HA       4.272 1
 58.CB      40.095 1
 58.HB       1.859 1
 58.HG11     1.242 9
 58.CD1     13.976 1
 58.HD11     0.784 1
 58.CG2     16.556 2
 58.HG21     0.663 4
 58.C      175.536 1
 59.N      115.849 1
 59.HN       7.909 1
 59.CA      57.459 1
 59.HA       4.533 1
 59.CB      29.843 1
 59.HB2      2.808 2
 59.HB1      2.808 2
 59.C      171.966 1
 60.N      124.964 1
 60.HN       8.382 1
 60.CA      54.215 1
 60.HA       3.306 1
 60.CB      33.374 1
 60.HB2      0.711 2
 60.HB1      0.886 2
 60.CG      29.510 1
 60.HG2      1.010 2
 60.HG1      1.060 2
 60.CD      23.883 1
 60.HD2      0.400 2
 60.HD1     -0.680 2
 60.CE      42.371 1
 60.HE2      2.190 2
 60.HE1      2.190 2
 60.C      175.376 1
 61.N      114.730 1
 61.HN       6.945 1
 61.CA      59.682 1
 61.CB      69.705 1
 61.HG21     1.210 1
 63.N      123.703 1
 63.HN       8.397 1
 63.CE      17.015 1
 63.HE1      2.093 1
 64.CA      45.490 1
 64.C      173.137 1
 65.N      118.845 1
 65.HN       7.668 1
 65.CA      54.782 1
 65.HA       4.589 1
 65.CB      32.675 1
 65.HB2      2.400 2
 65.HB1      2.320 2
 65.HG2      1.860 2
 65.HG1      1.860 2
 65.CE      18.040 1
 65.HE1      2.310 1
 65.C      175.589 1
 66.N      127.926 1
 66.HN       8.605 1
 66.CA      54.568 1
 66.HA       5.025 1
 66.CB      31.570 1
 66.HB2      1.784 2
 66.HB1      2.796 2
 66.CD1    123.400 3
 66.HD1      7.020 1
 66.NE1    127.722 1
 66.HE1      9.871 2
 66.CZ2    115.430 3
 66.HZ2      7.150 3
 66.CH2    125.260 1
 66.HH2      7.150 1
 66.CZ3    121.220 3
 66.HZ3      6.880 3
 66.CE3    120.310 3
 66.HE3      7.460 3
 66.C      174.358 1
 67.N      114.365 1
 67.HN       8.632 1
 67.CA      61.210 1
 67.HA       5.368 1
 67.CB      71.102 1
 67.HB       3.878 1
 67.CG2     22.301 1
 67.HG21     1.146 1
 67.C      175.710 1
 68.N      113.938 1
 68.HN       9.682 1
 68.CA      46.280 1
 68.HA2      3.930 2
 68.HA1      4.774 2
 68.C      168.203 1
 69.N      119.922 1
 69.HN       9.356 1
 69.CA      54.049 1
 69.HA       5.578 1
 69.CB      37.437 1
 69.CG      32.371 1
 69.CE      17.071 1
 69.HE1      1.942 1
 69.C      174.085 1
 70.N      129.216 1
 70.HN       9.080 1
 70.CA      54.049 1
 70.HA       4.703 1
 70.CB      46.672 1
 70.HB2      1.727 2
 70.HB1      1.727 2
 70.CD1     27.371 2
 70.HD11     0.850 2
 70.C      176.003 1
 71.N      129.137 1
 71.HN       9.812 1
 71.CA      54.691 1
 71.HA       4.361 1
 71.CB      37.369 1
 71.HB2      2.736 2
 71.HB1      2.974 2
 71.ND2    114.010 1
 71.HD21     7.660 2
 71.HD22     7.130 2
 71.C      174.566 1
 72.N      109.259 1
 72.HN       8.979 1
 72.CA      55.258 1
 72.HA       4.426 1
 72.CB      37.810 1
 72.HB2      3.064 2
 72.HB1      3.064 2
 72.ND2    112.350 1
 72.HD21     7.490 2
 72.HD22     6.880 2
 72.C      173.472 1
 73.N      120.920 1
 73.HN       7.842 1
 73.CA      55.022 1
 73.HA       4.703 1
 73.CB      35.068 1
 73.HB2      1.760 2
 73.HB1      1.860 2
 73.CG      28.371 1
 73.CD      24.371 1
 73.HD2      1.430 2
 73.CE      42.371 1
 73.HE2      3.069 2
 73.HE1      3.069 2
 73.C      174.450 1
 74.N      123.828 1
 74.HN       8.540 1
 74.CA      60.790 1
 74.HA       4.980 1
 74.CB      33.080 1
 74.HB       1.870 1
 74.CG2     21.342 1
 74.HG21     0.698 2
 74.CG1     22.090 1
 74.HG11     0.840 2
 74.C      176.767 1
 75.N      112.998 1
 75.HN       8.993 1
 75.CA      45.866 1
 75.HA2      3.978 2
 75.HA1      4.393 2
 75.C      171.519 1
 76.N      116.516 1
 76.HN       8.893 1
 76.CA      52.023 1
 76.HA       6.163 1
 76.CB      40.950 1
 76.HB2      2.778 2
 76.HB1      2.838 2
 76.ND2    112.170 1
 76.HD21     7.530 2
 76.HD22     6.960 2
 76.C      176.699 1
 77.N      117.747 1
 77.HN       9.133 1
 77.CA      56.405 1
 77.HA       4.770 1
 77.CB      40.834 1
 77.HB2      2.732 2
 77.HB1      3.108 2
 77.CD1    132.850 3
 77.HD1      6.900 3
 77.CE1    131.430 3
 77.HE1      7.290 3
 78.N      120.396 1
 78.HN       8.560 1
 78.CA      55.519 1
 78.HA       4.535 1
 78.CB      34.105 1
 78.HB2      1.380 2
 78.HB1      1.280 2
 78.CG      29.371 1
 78.HG2      1.290 2
 78.HG1      1.330 2
 78.CD      26.371 1
 78.HD2      1.093 2
 78.HD1      1.093 2
 78.CE      42.371 1
 78.HE2      2.760 2
 78.HE1      2.760 2
 78.C      177.718 1
 79.N      121.496 1
 79.HN       7.592 1
 79.CA      58.883 1
 79.HA       3.541 1
 79.CB      36.459 1
 79.HB2      1.133 2
 79.HB1      1.827 2
 79.CD1    132.070 3
 79.HD1      6.670 3
 79.CE1    131.400 3
 79.HE1      7.220 3
 79.C      176.054 1
 80.N      111.139 1
 80.HN       6.111 1
 80.CA      62.629 1
 80.HA       3.835 1
 80.CB      37.735 1
 80.HB       1.624 1
 80.CG1     25.920 2
 80.HG12     0.350 1
 80.HG11     0.176 1
 80.CD1     13.906 1
 80.HD11     0.485 1
 80.CG2     17.712 1
 80.HG21     0.396 4
 80.C      175.742 1
 81.N      117.128 1
 81.HN       6.856 1
 81.CA      56.928 1
 81.HA       4.411 1
 81.CB      39.301 1
 81.HB2      2.471 2
 81.HB1      3.650 2
 81.CD1    132.730 3
 81.HD1      6.930 3
 81.CE1    118.050 3
 81.HE1      6.430 3
 81.C      174.433 1
 82.N      108.583 1
 82.HN       7.328 1
 82.CA      57.943 1
 82.HA       4.955 1
 82.CB      35.041 1
 82.HB       1.799 1
 82.CG2     18.700 1
 82.HG21     0.790 2
 82.CG1     21.030 1
 82.HG11     0.577 2
 82.C      173.474 1
 83.N      116.876 1
 83.HN       8.622 1
 83.CA      53.402 1
 83.HA       5.226 1
 83.CB      43.948 1
 83.HB2      2.663 2
 83.HB1      2.532 2
 83.C      175.960 1
 84.N      124.680 1
 84.HN       9.297 1
 84.CA      64.650 1
 84.HA       4.173 1
 84.CB      31.760 1
 84.HB       2.194 1
 84.CG2     21.680 1
 84.HG21     1.100 4
 84.CG1     22.371 2
 84.HG11     1.300 2
 84.C      176.768 1
 85.N      125.218 1
 85.HN       8.699 1
 85.CA      61.487 1
 85.HA       4.460 1
 85.CB      39.348 1
 85.HB       1.924 1
 85.HG12     1.410 1
 85.HG11     1.410 1
 85.CD1     13.264 1
 85.HD11     0.863 1
 85.CG2     17.816 1
 85.HG21     0.921 2
 85.C      175.840 1
 86.N      119.257 1
 86.HN       8.298 1
 86.CA      58.347 1
 86.HA       4.592 1
 86.CB      64.210 1
 86.HB2      3.939 2
 86.HB1      3.858 2
 86.C      173.117 1
 87.N      127.485 1
 87.HN       8.083 1
 87.CA      57.915 1
 87.HA       4.230 1
 87.CB      31.315 1
 87.HB2      2.105 2
 87.HB1      1.880 2
