 Group   Atom  Nuc    Shift   SDev  Assignments

     ?     CA  13C   56.714  0.000      0
     ?     CB  13C   31.179  0.000      0
     ?    HB#   1H    3.137  0.000      1
    M1     CA  13C   54.935  0.031      7
    M1     CB  13C   32.968  0.049      4
    M1     CG  13C   32.383  0.062      8
    M1     HA   1H    4.485  0.012     16
    M1    HB#   1H    2.011  0.011      8
    M1    HG1   1H    2.313  0.010      9
    M1    HG2   1H    2.554  0.009      9
    M1     HN   1H    8.365  0.008      3
    M1      N  15N  121.889  0.004      3
    E2     CA  13C   55.815  0.039      7
    E2     CB  13C   32.056  0.039      4
    E2     CG  13C   36.242  0.120      5
    E2     HA   1H    4.419  0.012     16
    E2    HB1   1H    1.998  0.010      5
    E2    HB2   1H    1.856  0.014      5
    E2    HG1   1H    2.257  0.016      5
    E2    HG2   1H    2.176  0.018      5
    E2     HN   1H    7.981  0.007      7
    E2      N  15N  121.334  0.053      5
 HT_G2     CA  13C   45.169  0.000      0
 HT_G2    HA#   1H    4.086  0.000      1
 HT_T3     CA  13C   60.099  0.000      0
 HT_T3     CB  13C   64.923  0.000      0
 HT_T3     HN   1H    7.957  0.003      2
 HT_T3      N  15N  121.269  0.015      2
    V3     CA  13C   62.396  0.013      7
    V3     CB  13C   31.963  0.023      8
    V3    CG1  13C   23.038  0.035     15
    V3    CG2  13C   20.814  0.057     12
    V3     HA   1H    3.691  0.012     14
    V3     HB   1H    0.415  0.008     16
    V3   HG1#   1H    0.504  0.014     29
    V3   HG2#   1H   -0.179  0.011     31
    V3     HN   1H    6.955  0.010     32
    V3      N  15N  123.755  0.058     22
    K4     CA  13C   55.095  0.000      4
    K4     CB  13C   34.615  0.052     11
    K4     CD  13C   29.195  0.088      4
    K4     CE  13C   41.798  0.000      1
    K4     CG  13C   24.475  0.028      7
    K4     HA   1H    4.460  0.010     13
    K4    HB1   1H    1.612  0.010      7
    K4    HB2   1H    1.746  0.010     12
    K4    HD#   1H    1.603  0.008     12
    K4    HE#   1H    2.894  0.016      8
    K4    HG1   1H    1.398  0.005      5
    K4    HG2   1H    1.302  0.015     12
    K4     HN   1H    7.687  0.010     37
    K4      N  15N  128.298  0.050     28
    I5     CA  13C   61.574  0.033      8
    I5     CB  13C   40.843  0.014      2
    I5    CD1  13C   15.293  0.707     15
    I5    CG1  13C   28.548  0.057     15
    I5    CG2  13C   17.968  0.046     13
    I5     HA   1H    4.554  0.007     19
    I5     HB   1H    1.609  0.012      9
    I5   HD1#   1H    0.813  0.005     23
    I5   HG11   1H    1.319  0.016     18
    I5   HG12   1H    0.675  0.015     12
    I5   HG2#   1H    0.824  0.012     15
    I5     HN   1H    8.397  0.008     29
    I5      N  15N  125.354  0.039     23
    E6     CA  13C   54.202  0.000      0
    E6     CB  13C   34.372  0.040      4
    E6     CG  13C   36.900  0.062      5
    E6     HA   1H    4.798  0.016      9
    E6    HB#   1H    2.058  0.007      9
    E6    HG1   1H    2.047  0.003      4
    E6    HG2   1H    2.188  0.011      4
    E6     HN   1H    9.167  0.007     37
    E6      N  15N  127.807  0.035     25
    K7     CA  13C   52.422  0.031     11
    K7     CB  13C   32.058  0.096      6
    K7     CD  13C   28.866  0.080      4
    K7     CE  13C   42.664  0.000      2
    K7     CG  13C   24.738  0.039      8
    K7     HA   1H    5.352  0.009     28
    K7    HB#   1H    1.880  0.015     11
    K7    HD1   1H    1.704  0.017      2
    K7    HD2   1H    1.855  0.013      3
    K7    HE1   1H    3.056  0.008      2
    K7    HE2   1H    2.974  0.012      5
    K7    HG1   1H    1.478  0.015      9
    K7    HG2   1H    1.584  0.012      9
    K7     HN   1H    8.613  0.012     14
    K7      N  15N  122.732  0.025     11
    P8     CA  13C   62.285  0.006      2
    P8     CB  13C   32.344  0.076      8
    P8     CD  13C   51.152  0.052     21
    P8     CG  13C   27.907  0.067     22
    P8     HA   1H    4.809  0.014      7
    P8    HB1   1H    2.059  0.014     10
    P8    HB2   1H    1.960  0.011      5
    P8    HD1   1H    3.945  0.006     21
    P8    HD2   1H    4.499  0.007     23
    P8    HG1   1H    2.053  0.022     17
    P8    HG2   1H    1.945  0.011     18
    T9     CA  13C   59.658  0.000      1
    T9     CB  13C   68.622  0.000      1
    T9    CG2  13C   22.543  0.042      7
    T9     HA   1H    4.686  0.016      5
    T9     HB   1H    4.818  0.014      7
    T9   HG2#   1H    1.462  0.012     11
    T9     HN   1H    7.906  0.235     14
    T9      N  15N  111.848  1.229     16
   P10     CA  13C   65.537  0.047     11
   P10     CB  13C   31.792  0.017     10
   P10     CD  13C   50.423  0.021     12
   P10     CG  13C   28.148  0.108      7
   P10     HA   1H    4.124  0.008     21
   P10    HB1   1H    1.903  0.010      8
   P10    HB2   1H    2.378  0.010     11
   P10    HD#   1H    3.933  0.012     20
   P10    HG1   1H    2.249  0.012      7
   P10    HG2   1H    2.050  0.011      8
   E11     CA  13C   60.514  0.037     10
   E11     CB  13C   28.832  0.053     12
   E11     CG  13C   37.246  0.050     11
   E11     HA   1H    3.926  0.008     19
   E11    HB1   1H    1.931  0.012     12
   E11    HB2   1H    2.067  0.011     12
   E11    HG1   1H    2.451  0.011     12
   E11    HG2   1H    2.253  0.009     11
   E11     HN   1H    8.625  0.008     19
   E11      N  15N  117.673  0.063     15
   K12     CA  13C   58.374  0.027     10
   K12     CB  13C   31.563  0.000      2
   K12     CD  13C   28.605  0.076      7
   K12     CE  13C   41.969  0.000      1
   K12     CG  13C   24.462  0.001      3
   K12     HA   1H    4.116  0.009     19
   K12    HB1   1H    1.964  0.011      3
   K12    HB2   1H    1.908  0.013      5
   K12    HD1   1H    1.753  0.013      3
   K12    HD2   1H    1.693  0.030      9
   K12    HE1   1H    2.904  0.000      1
   K12    HE2   1H    2.850  0.006      9
   K12    HG1   1H    1.305  0.019      5
   K12    HG2   1H    1.413  0.018      5
   K12     HN   1H    7.815  0.006     43
   K12      N  15N  123.920  0.047     28
   L13     CA  13C   57.869  0.035     11
   L13     CB  13C   41.282  0.024     14
   L13    CD1  13C   25.351  0.094     14
   L13    CD2  13C   22.333  0.071     16
   L13     CG  13C   26.467  0.093     10
   L13     HA   1H    3.603  0.008     26
   L13    HB1   1H    1.706  0.009     15
   L13    HB2   1H    1.061  0.013     17
   L13   HD1#   1H    0.441  0.009     30
   L13   HD2#   1H    0.068  0.009     33
   L13     HG   1H    1.401  0.007     19
   L13     HN   1H    7.660  0.008     29
   L13      N  15N  117.532  0.042     22
HT_R14     CA  13C   56.301  0.000      0
HT_R14     CB  13C   30.917  0.000      0
HT_R14     CD  13C   43.297  0.000      1
HT_R14     CG  13C   27.011  0.000      1
HT_R14     HA   1H    4.341  0.000      1
HT_R14    HB1   1H    1.768  0.000      1
HT_R14    HB2   1H    1.901  0.000      1
HT_R14    HD#   1H    3.188  0.000      1
HT_R14    HG#   1H    1.617  0.000      1
   K14     CA  13C   59.013  0.097      6
   K14     CB  13C   32.196  0.053      5
   K14     CD  13C   28.970  0.160      3
   K14     CE  13C   42.147  0.061      2
   K14     CG  13C   24.850  0.074      5
   K14     HA   1H    4.027  0.006     16
   K14    HB#   1H    1.876  0.009      8
   K14    HD#   1H    1.659  0.014      6
   K14    HE#   1H    2.950  0.013      4
   K14    HG1   1H    1.484  0.017      3
   K14    HG2   1H    1.415  0.018      5
   K14     HN   1H    7.626  0.007     22
   K14      N  15N  119.619  0.039     19
   E15     CA  13C   59.197  0.049      4
   E15     CB  13C   29.840  0.010      5
   E15     CG  13C   36.198  0.092      7
   E15     HA   1H    3.973  0.009     11
   E15    HB#   1H    2.172  0.027     13
   E15    HG1   1H    2.375  0.014     10
   E15    HG2   1H    2.207  0.011      3
   E15     HN   1H    8.024  0.004     22
   E15      N  15N  122.596  0.059     18
HT_E15     CA  13C   57.254  0.000      0
HT_E15     CB  13C   30.090  0.000      0
HT_E15     CG  13C   36.308  0.000      1
HT_E15     HA   1H    4.214  0.000      1
HT_E15    HB1   1H    2.060  0.000      1
HT_E15    HB2   1H    1.979  0.000      1
HT_E15    HG#   1H    2.281  0.000      1
HT_E15     HN   1H    8.593  0.004      8
HT_E15      N  15N  121.715  0.025      8
HT_N16     CA  13C   53.401  0.000      0
HT_N16     CB  13C   38.857  0.000      0
HT_N16     HA   1H    4.677  0.000      1
HT_N16    HB1   1H    2.804  0.000      1
HT_N16    HB2   1H    2.740  0.000      1
   L16     CA  13C   55.607  0.049      7
   L16     CB  13C   43.986  0.024      9
   L16    CD1  13C   22.704  0.062      8
   L16    CD2  13C   26.147  0.066     12
   L16     CG  13C   27.022  0.136      3
   L16     HA   1H    4.167  0.009     18
   L16    HB#   1H    1.494  0.011     19
   L16   HD1#   1H    0.918  0.015     17
   L16   HD2#   1H    0.741  0.007     23
   L16     HG   1H    1.795  0.014      9
   L16     HN   1H    7.766  0.008     38
   L16      N  15N  117.792  0.031     25
HT_L17     CA  13C   55.651  0.000      0
HT_L17     CB  13C   42.340  0.000      0
HT_L17     HA   1H    4.246  0.000      1
HT_L17    HB1   1H    1.496  0.000      1
HT_L17    HB2   1H    1.371  0.000      1
HT_L17   HD1#   1H    0.806  0.000      1
HT_L17   HD2#   1H    0.883  0.000      1
HT_L17     HN   1H    8.037  0.000      1
HT_L17      N  15N  122.636  0.000      1
   S17     CA  13C   58.471  0.015      6
   S17     CB  13C   61.774  0.026     12
   S17     HA   1H    3.976  0.013     18
   S17    HB#   1H    4.096  0.000      0
   S17    HB1   1H    4.041  0.005      6
   S17    HB2   1H    3.960  0.004      6
   S17     HN   1H    7.594  0.013     26
   S17      N  15N  111.506  0.025     22
HT_Y18     CA  13C   57.672  0.000      0
HT_Y18     CB  13C   38.731  0.000      1
HT_Y18     HA   1H    4.532  0.000      1
HT_Y18    HB1   1H    2.899  0.000      1
HT_Y18    HB2   1H    2.998  0.000      1
HT_Y18    HD#   1H    7.021  0.000      1
HT_Y18    HE#   1H    6.785  0.000      0
HT_Y18     HN   1H    8.013  0.003      6
HT_Y18      N  15N  120.310  0.045      6
   V18     CA  13C   63.408  0.027     12
   V18     CB  13C   31.081  0.000      4
   V18    CG#  13C   21.317  0.083     21
   V18     HA   1H    1.183  0.010     20
   V18     HB   1H    0.958  0.014      9
   V18    HG*   1H   -0.041  0.009     48
   V18     HN   1H    6.567  0.010     27
   V18      N  15N  115.056  0.037     18
   E19     CA  13C   57.685  0.022      7
   E19     CB  13C   28.325  0.024      5
   E19     CG  13C   36.035  0.034      7
   E19     HA   1H    3.416  0.009     15
   E19    HB#   1H    1.859  0.008     11
   E19    HG1   1H    2.052  0.011      9
   E19    HG2   1H    2.111  0.009      5
   E19     HN   1H    8.278  0.007     28
   E19      N  15N  115.355  0.025     18
HT_F19     CA  13C   57.920  0.000      0
HT_F19     CB  13C   39.679  0.000      0
HT_F19     HN   1H    8.033  0.005      3
HT_F19      N  15N  122.260  0.005      3
   K20     CA  13C   55.750  0.016      5
   K20     CB  13C   32.686  0.048      8
   K20     CD  13C   29.120  0.031      5
   K20     CE  13C   42.371  0.054      6
   K20     CG  13C   25.588  0.077     11
   K20     HA   1H    4.411  0.007     18
   K20    HB1   1H    2.120  0.012     14
   K20    HB2   1H    1.960  0.009      8
   K20    HD1   1H    1.726  0.020      6
   K20    HD2   1H    1.700  0.010      5
   K20    HE#   1H    3.034  0.013     11
   K20    HG1   1H    1.467  0.015     12
   K20    HG2   1H    1.426  0.018     11
   K20     HN   1H    7.546  0.009     30
   K20      N  15N  118.130  0.051     25
   W21     CA  13C   54.013  0.051      7
   W21     CB  13C   28.455  0.034     12
   W21     HA   1H    5.041  0.012     16
   W21    HB1   1H    3.704  0.009     13
   W21    HB2   1H    3.526  0.018     11
   W21    HD1   1H    6.896  0.009     10
   W21    HE1   1H    9.380  0.008     12
   W21    HE3   1H    7.106  0.006      4
   W21    HH2   1H    6.943  0.001      3
   W21     HN   1H    8.081  0.004     36
   W21    HZ2   1H    7.419  0.003      5
   W21    HZ3   1H    6.908  0.000      1
   W21      N  15N  124.948  0.040     29
   W21    NE1  15N  127.530  0.053     10
HT_H22     CA  13C   56.649  0.000      1
HT_H22     HA   1H    4.629  0.000      1
HT_H22    HB#   1H    3.092  0.000      1
   P22     CA  13C   63.069  0.000      0
   P22     CB  13C   32.591  0.017     10
   P22     CD  13C   50.467  0.037     16
   P22     CG  13C   26.966  0.057     13
   P22     HA   1H    4.643  0.011      8
   P22    HB1   1H    2.372  0.012     14
   P22    HB2   1H    1.888  0.012      7
   P22    HD1   1H    4.100  0.009     16
   P22    HD2   1H    3.711  0.011     13
   P22    HG1   1H    1.768  0.013     10
   P22    HG2   1H    1.262  0.016     17
   I23     CA  13C   59.277  0.051     10
   I23     CB  13C   41.045  0.051      5
   I23    CD1  13C   13.203  0.100      9
   I23    CG1  13C   28.428  0.117     12
   I23    CG2  13C   17.803  0.058     11
   I23     HA   1H    5.523  0.010     23
   I23     HB   1H    1.672  0.006      6
   I23   HD1#   1H    0.633  0.011     15
   I23   HG11   1H    1.635  0.016     13
   I23   HG12   1H    0.543  0.005     10
   I23   HG2#   1H    0.770  0.005     22
   I23     HN   1H    8.206  0.007     30
   I23      N  15N  118.629  0.036     22
   K24     HN   1H    9.282  0.000      1
   R24      N  15N  130.597  0.000      1
   W24     CA  13C   56.770  0.056      6
   W24     CB  13C   34.646  0.062     19
   W24     HA   1H    4.996  0.010     13
   W24    HB1   1H    2.726  0.012     15
   W24    HB2   1H    3.159  0.013     19
   W24    HD1   1H    7.275  0.005      6
   W24    HE1   1H    9.898  0.000      1
   W24    HE3   1H    6.659  0.014      7
   W24    HH2   1H    7.065  0.004      3
   W24     HN   1H    9.266  0.008     36
   W24    HZ2   1H    6.822  0.000      0
   W24    HZ3   1H    6.929  0.001      2
   W24      N  15N  130.589  0.058     27
   W24    NE1  15N  131.365  0.000      1
   E25     CA  13C   53.959  0.017      6
   E25     CB  13C   34.043  0.016      4
   E25     CG  13C   36.465  0.050      8
   E25     HA   1H    5.269  0.011     16
   E25    HB#   1H    1.814  0.009      9
   E25    HG1   1H    2.092  0.015      8
   E25    HG2   1H    2.016  0.019      8
   E25     HN   1H    7.906  0.005     24
   E25      N  15N  126.503  0.050     20
   K26     CA  13C   54.880  0.029      9
   K26     CB  13C   37.128  0.071     16
   K26     CD  13C   27.978  0.088     15
   K26     CE  13C   42.404  0.051     21
   K26     CG  13C   24.008  0.060     10
   K26     HA   1H    3.882  0.007     23
   K26    HB1   1H    1.296  0.017     11
   K26    HB2   1H    0.199  0.007     17
   K26    HD1   1H    1.572  0.005     14
   K26    HD2   1H    1.092  0.008     14
   K26    HE1   1H    2.543  0.008     19
   K26    HE2   1H    2.374  0.012     18
   K26    HG1   1H    1.756  0.010     14
   K26    HG2   1H    1.225  0.022      9
   K26     HN   1H    8.154  0.007     31
   K26      N  15N  121.552  0.024     25
   E27     CA  13C   55.515  0.054      6
   E27     CB  13C   29.812  0.077      3
   E27     CG  13C   35.371  0.060     13
   E27     HA   1H    4.217  0.009     18
   E27    HB#   1H    2.158  0.013      9
   E27    HG1   1H    2.410  0.009     10
   E27    HG2   1H    2.196  0.006      8
   E27     HN   1H    8.667  0.006     32
   E27      N  15N  125.900  0.052     19
   V28     CA  13C   66.039  0.046      8
   V28     CB  13C   31.499  0.024      5
   V28    CG1  13C   20.439  0.091      5
   V28    CG2  13C   22.061  0.073     12
   V28     HA   1H    3.670  0.008     20
   V28     HB   1H    1.966  0.010     12
   V28   HG1#   1H    1.114  0.018     13
   V28   HG2#   1H    0.933  0.015     25
   V28     HN   1H    8.059  0.008     29
   V28      N  15N  120.753  0.081     18    
   S29     CA  13C   58.698  0.000      0
   S29     CB  13C   64.145  0.075      7
   S29     HA   1H    4.733  0.013      3
   S29    HB1   1H    4.506  0.019      7
   S29    HB2   1H    3.900  0.014      7
   S29     HN   1H    7.851  0.005     28
   S29      N  15N  119.471  0.040     25   
   E30     CA  13C   55.468  0.031      7
   E30     CB  13C   33.630  0.079      4
   E30     CG  13C   36.607  0.113      6
   E30     HA   1H    5.723  0.009     17
   E30    HB#   1H    2.067  0.009      9
   E30    HG1   1H    2.335  0.017      8
   E30    HG2   1H    2.226  0.013      5
   E30     HN   1H    8.571  0.011     18
   E30      N  15N  118.740  0.064     17   
   F31     CA  13C   56.408  0.001      5
   F31     CB  13C   39.849  0.033     11
   F31     HA   1H    5.062  0.008     10
   F31    HB1   1H    3.257  0.012     11
   F31    HB2   1H    3.489  0.012     10
   F31    HD#   1H    7.122  0.004     10
   F31    HE#   1H    6.823  0.004      6
   F31     HN   1H    8.685  0.007     32
   F31     HZ   1H    6.705  0.002      3
   F31      N  15N  120.231  0.040     29
   D32     CA  13C   54.637  0.057      8
   D32     CB  13C   43.170  0.019      8
   D32     HA   1H    5.439  0.010     19
   D32    HB1   1H    2.626  0.010     10
   D32    HB2   1H    2.801  0.012      9
   D32     HN   1H    8.792  0.008     23
   D32      N  15N  121.833  0.025     18
   W33     CA  13C   57.589  0.045      4
   W33     CB  13C   34.427  0.080      7
   W33     HA   1H    4.500  0.011      9
   W33    HB#   1H    2.652  0.010     14
   W33    HD1   1H    7.440  0.003      3
   W33    HE1   1H    9.350  0.003      5
   W33    HE3   1H    6.469  0.007      4
   W33    HH2   1H    6.945  0.000      1
   W33     HN   1H    9.373  0.008     30
   W33    HZ2   1H    6.875  0.000      1
   W33    HZ3   1H    6.569  0.000      1
   W33      N  15N  123.128  0.022     21
   W33    NE1  15N  130.432  0.032      5
   Y34     CA  13C   55.356  0.082      6
   Y34     CB  13C   40.709  0.074     10
   Y34     HA   1H    5.249  0.010     12
   Y34    HB1   1H    2.814  0.013     10
   Y34    HB2   1H    2.475  0.012     10
   Y34    HD#   1H    6.813  0.006     16
   Y34    HE#   1H    6.655  0.002      5
   Y34     HN   1H    7.008  0.008     18
   Y34      N  15N  127.206  0.027     14
   Y35     CA  13C   59.335  0.037      7
   Y35     CB  13C   36.662  0.063     18
   Y35     HA   1H    4.123  0.008     14
   Y35    HB1   1H    3.289  0.008     17
   Y35    HB2   1H    2.779  0.011     18
   Y35    HD#   1H    7.145  0.017     13
   Y35    HE#   1H    6.679  0.012      4
   Y35     HN   1H    7.990  0.006     31
   Y35      N  15N  127.846  0.024     22
   D36     CA  13C   55.095  0.000      8
   D36     CB  13C   40.894  0.034     14
   D36     HA   1H    4.286  0.010     12
   D36    HB1   1H    2.710  0.010     12
   D36    HB2   1H    2.541  0.008     13
   D36     HN   1H    8.151  0.008     19
   D36      N  15N  126.253  0.021     15
   T37     CA  13C   59.861  0.041      5
   T37     CB  13C   71.242  0.066      4
   T37    CG2  13C   20.375  0.102      9
   T37     HA   1H    4.279  0.011     17
   T37     HB   1H    4.193  0.011      8
   T37   HG2#   1H    1.121  0.015     16
   T37     HN   1H    7.782  0.007     27
   T37      N  15N  110.509  0.032     23
   N38     CA  13C   53.675  0.035      4
   N38     CB  13C   39.323  0.046     15
   N38     HA   1H    4.870  0.010      9
   N38    HB1   1H    1.883  0.012     13
   N38    HB2   1H    1.290  0.015     10
   N38   HD21   1H    6.910  0.000      1
   N38   HD22   1H    7.544  0.000      0
   N38     HN   1H    7.820  0.008     26
   N38      N  15N  116.843  0.026     21
   E39     CA  13C   55.558  0.041      3
   E39     CB  13C   34.320  0.124      2
   E39     CG  13C   36.814  0.000      2
   E39     HA   1H    5.292  0.016     10
   E39    HB#   1H    2.099  0.009      2
   E39    HG1   1H    2.248  0.005      3
   E39    HG2   1H    1.992  0.007      6
   E39     HN   1H    8.682  0.006     20
   E39      N  15N  123.142  0.048     18
   T40     CA  13C   61.556  0.052      6
   T40     CB  13C   70.935  0.109      4
   T40    CG2  13C   23.004  0.036     12
   T40     HA   1H    6.019  0.006     13
   T40     HB   1H    3.857  0.006      9
   T40   HG2#   1H    1.462  0.009     18
   T40     HN   1H    8.927  0.006     22
   T40      N  15N  125.029  0.045     20
   C41     CA  13C   54.861  0.033     13
   C41     CB  13C   32.919  0.039     19
   C41     HA   1H    6.306  0.009     22
   C41    HB1   1H    3.799  0.012     17
   C41    HB2   1H    3.149  0.008     13
   C41     HN   1H   10.325  0.014     28
   C41      N  15N  122.580  0.045     22
   Y42     CA  13C   55.547  0.035      7
   Y42     CB  13C   42.893  0.033     11
   Y42     HA   1H    5.885  0.009     16
   Y42    HB1   1H    2.907  0.012     13
   Y42    HB2   1H    2.736  0.018     14
   Y42    HD#   1H    6.853  0.010     20
   Y42    HE#   1H    6.752  0.023     15
   Y42     HN   1H    9.601  0.012     30
   Y42      N  15N  122.869  0.036     25
   I43     CA  13C   59.559  0.028      7
   I43     CB  13C   34.682  0.032      8
   I43    CD1  13C    9.254  0.073     12
   I43    CG1  13C   25.954  0.095     11
   I43    CG2  13C   18.181  0.011     15
   I43     HA   1H    4.052  0.012     17
   I43     HB   1H    2.243  0.009     17
   I43   HD1#   1H    0.701  0.016     31
   I43   HG11   1H    1.695  0.022     13
   I43   HG12   1H    1.178  0.006     13
   I43   HG2#   1H    0.562  0.005     34
   I43     HN   1H    8.355  0.007     38
   I43      N  15N  127.830  0.031     30
   L44     CA  13C   56.922  0.109      8
   L44     CB  13C   44.352  0.018      6
   L44    CD1  13C   25.714  0.068     10
   L44    CD2  13C   23.818  0.077     11
   L44     CG  13C   27.050  0.044      4
   L44     HA   1H    4.114  0.012     17
   L44    HB#   1H    1.661  0.006     11
   L44   HD1#   1H    0.775  0.006     21
   L44   HD2#   1H    1.190  0.005     19
   L44     HG   1H    1.775  0.012      5
   L44     HN   1H    8.619  0.007     28
   L44      N  15N  131.564  0.040     19
   E45     CA  13C   55.403  0.075      8
   E45     CB  13C   34.378  0.062      8
   E45     CG  13C   35.933  0.074     10
   E45     HA   1H    4.422  0.008     21
   E45    HB1   1H    2.139  0.010      7
   E45    HB2   1H    1.925  0.014     12
   E45    HG#   1H    2.260  0.011     17
   E45     HN   1H    7.793  0.007     37
   E45      N  15N  113.980  0.025     27
   G46     CA  13C   45.300  0.044     15
   G46    HA1   1H    4.548  0.012     15
   G46    HA2   1H    3.458  0.010     20
   G46     HN   1H    8.634  0.010     38
   G46      N  15N  109.486  0.031     28
   K47     CA  13C   56.634  0.047      8
   K47     CB  13C   36.657  0.040     17
   K47     CD  13C   29.725  0.076     10
   K47     CE  13C   42.067  0.085      7
   K47     CG  13C   25.673  0.136      8
   K47     HA   1H    5.107  0.010     22
   K47    HB1   1H    1.796  0.010     13
   K47    HB2   1H    1.553  0.013     14
   K47    HD#   1H    1.631  0.005     10
   K47    HE#   1H    2.840  0.012     17
   K47    HG1   1H    1.243  0.012     14
   K47    HG2   1H    1.418  0.014      8
   K47     HN   1H    7.332  0.008     44
   K47      N  15N  117.393  0.028     30
   V48     CA  13C   60.024  0.035      8
   V48     CB  13C   36.764  0.020      9
   V48    CG1  13C   21.619  0.033     16
   V48    CG2  13C   21.611  0.104     17
   V48     HA   1H    4.971  0.008     18
   V48     HB   1H    1.631  0.020     16
   V48   HG1#   1H    0.393  0.007     34
   V48   HG2#   1H    0.904  0.014     27
   V48     HN   1H    9.326  0.008     38
   V48      N  15N  126.837  0.038     25
   E49     CA  13C   54.617  0.036      8
   E49     CB  13C   32.930  0.057      3
   E49     CG  13C   37.120  0.078     17
   E49     HA   1H    5.172  0.013     24
   E49    HB#   1H    1.987  0.001      4
   E49    HG1   1H    2.162  0.009     15
   E49    HG2   1H    1.985  0.010     14
   E49     HN   1H    9.033  0.008     40
   E49      N  15N  125.756  0.023     28
   V50     CA  13C   60.803  0.043      8
   V50     CB  13C   34.337  0.083     10
   V50    CG1  13C   21.528  0.055     14
   V50    CG2  13C   20.392  0.050     18
   V50     HA   1H    4.978  0.006     18
   V50     HB   1H    1.898  0.011     20
   V50   HG1#   1H    0.843  0.012     34
   V50   HG2#   1H    0.086  0.012     36
   V50     HN   1H    9.557  0.013     35
   V50      N  15N  131.166  0.041     25
   T51     CA  13C   60.752  0.022     10
   T51     CB  13C   70.513  0.031      8
   T51    CG2  13C   21.158  0.063     13
   T51     HA   1H    5.629  0.007     21
   T51     HB   1H    4.024  0.008     17
   T51   HG2#   1H    1.257  0.008     23
   T51     HN   1H    9.000  0.012     22
   T51      N  15N  122.731  0.045     17
   T52     CA  13C   61.761  0.000      1
   T52     CB  13C   70.526  0.066      8
   T52    CG2  13C   23.679  0.058     16
   T52     HA   1H    4.760  0.019      4
   T52     HB   1H    5.010  0.004     16
   T52   HG2#   1H    1.577  0.011     27
   T52     HN   1H    9.627  0.013     34
   T52      N  15N  119.761  0.084     31
   E53     CA  13C   59.361  0.016      4
   E53     CB  13C   29.796  0.141      2
   E53     CG  13C   36.234  0.077      3
   E53     HA   1H    4.185  0.007     10
   E53    HB1   1H    2.197  0.012      5
   E53    HB2   1H    2.243  0.015      3
   E53    HG#   1H    2.391  0.016      9
   E53     HN   1H    8.589  0.010     19
   E53      N  15N  122.479  0.025     14
   D54     CA  13C   53.766  0.000      0
   D54     CB  13C   40.354  0.008      6
   D54     HA   1H    4.705  0.014      3
   D54    HB1   1H    2.711  0.011      8
   D54    HB2   1H    2.888  0.017      9
   D54     HN   1H    8.240  0.008     14
   D54      N  15N  115.442  0.017     13
   G55     CA  13C   45.800  0.035      8
   G55    HA1   1H    4.227  0.013      7
   G55    HA2   1H    3.608  0.009      9
   G55     HN   1H    8.133  0.006     23
   G55      N  15N  108.531  0.046     21
   K56     CA  13C   56.552  0.022      7
   K56     CB  13C   33.010  0.071     16
   K56     CD  13C   29.111  0.077      2
   K56     CE  13C   42.341  0.000      1
   K56     CG  13C   25.506  0.066     10
   K56     HA   1H    4.223  0.005     23
   K56    HB1   1H    1.916  0.010     15
   K56    HB2   1H    1.561  0.009     14
   K56    HD#   1H    1.687  0.007      3
   K56    HE#   1H    2.952  0.000      1
   K56    HG1   1H    1.320  0.007      9
   K56    HG2   1H    1.195  0.012      9
   K56     HN   1H    7.561  0.008     33
   K56      N  15N  122.233  0.021     23
   K57     CA  13C   54.985  0.084     12
   K57     CB  13C   35.517  0.052      7
   K57     CD  13C   29.387  0.019      7
   K57     CE  13C   41.981  0.000      1
   K57     CG  13C   25.122  0.085      5
   K57     HA   1H    5.333  0.011     25
   K57    HB#   1H    1.550  0.013     11
   K57    HD#   1H    1.553  0.010     13
   K57    HE#   1H    2.856  0.016      7
   K57    HG#   1H    1.279  0.014     13
   K57     HN   1H    7.941  0.009     27
   K57      N  15N  122.531  0.043     16
   Y58     CA  13C   56.636  0.000      0
   Y58     CB  13C   41.526  0.050     15
   Y58     HA   1H    4.693  0.012      5
   Y58    HB1   1H    2.752  0.013     17
   Y58    HB2   1H    2.510  0.010     17
   Y58    HD#   1H    6.959  0.013     16
   Y58    HE#   1H    6.809  0.011      9
   Y58     HN   1H    9.310  0.009     35
   Y58      N  15N  124.096  0.052     27
   V59     CA  13C   62.218  0.000      0
   V59     CB  13C   32.795  0.081      5
   V59    CG1  13C   21.399  0.091      9
   V59    CG2  13C   21.435  0.089      4
   V59     HA   1H    4.817  0.015      9
   V59     HB   1H    1.968  0.011     12
   V59   HG1#   1H    0.828  0.013     13
   V59   HG2#   1H    0.921  0.016      8
   V59     HN   1H    8.541  0.007     27
   V59      N  15N  124.554  0.021     19
   I60     CA  13C   59.669  0.000      0
   I60     CB  13C   40.881  0.039      7
   I60    CD1  13C   17.949  0.000      1
   I60    CG1  13C   27.100  0.066     10
   I60    CG2  13C   13.980  0.056     18
   I60     HA   1H    4.637  0.017      8
   I60     HB   1H    1.600  0.010     15
   I60   HD1#   1H    0.587  0.076      7
   I60   HG11   1H    1.278  0.011     12
   I60   HG12   1H    0.845  0.011     12
   I60   HG2#   1H    0.414  0.008     28
   I60     HN   1H    8.946  0.008     36
   I60      N  15N  126.268  0.041     29
   E61     CA  13C   54.044  0.044     10
   E61     CB  13C   34.827  0.134      3
   E61     CG  13C   35.109  0.109      8
   E61     HA   1H    5.104  0.008     23
   E61    HB1   1H    2.056  0.007      3
   E61    HB2   1H    2.022  0.015      4
   E61    HG1   1H    2.220  0.020      7
   E61    HG2   1H    2.127  0.008     12
   E61     HN   1H    9.433  0.024     40
   E61      N  15N  124.229  0.052     29
   K62     CA  13C   58.218  0.042      8
   K62     CB  13C   33.510  0.026      9
   K62     CD  13C   24.049  0.147     12
   K62     CE  13C   42.306  0.039      8
   K62     CG  13C   30.130  0.101     16
   K62     HA   1H    3.532  0.012     23
   K62    HB#   1H    1.777  0.007     17
   K62    HD1   1H    1.461  0.008     17
   K62    HD2   1H    1.210  0.014     16
   K62    HE#   1H    3.126  0.012     22
   K62    HG1   1H    1.837  0.017      8
   K62    HG2   1H    1.767  0.013      9
   K62     HN   1H    7.378  0.007     34
   K62      N  15N  118.576  0.036     24
   G63     CA  13C   44.719  0.027     14
   G63    HA1   1H    4.447  0.013     11
   G63    HA2   1H    3.686  0.013     11
   G63     HN   1H    9.036  0.011     36
   G63      N  15N  116.785  0.035     27   
   D64     CA  13C   55.313  0.054     12
   D64     CB  13C   42.063  0.039     12
   D64     HA   1H    5.096  0.014     21
   D64    HB1   1H    2.297  0.013     13
   D64    HB2   1H    2.779  0.011     15
   D64     HN   1H    8.071  0.006     37
   D64      N  15N  121.651  0.020     29
   L65     CA  13C   53.723  0.035     11
   L65     CB  13C   45.844  0.061     20
   L65    CD1  13C   26.873  0.068     11
   L65    CD2  13C   24.758  0.071     13
   L65     CG  13C   27.303  0.148      6
   L65     HA   1H    5.665  0.013     28
   L65    HB1   1H    1.150  0.009     23
   L65    HB2   1H    2.130  0.013     17
   L65   HD1#   1H    0.778  0.012     28
   L65   HD2#   1H    0.949  0.007     28
   L65     HG   1H    1.524  0.016     13
   L65     HN   1H    9.153  0.008     35
   L65      N  15N  124.034  0.044     27
   V66     CA  13C   60.536  0.011      8
   V66     CB  13C   34.547  0.099      5
   V66    CG1  13C   22.380  0.059     16
   V66    CG2  13C   22.248  0.053     15
   V66     HA   1H    5.062  0.015     20
   V66     HB   1H    2.038  0.013     16
   V66   HG1#   1H    0.785  0.013     28
   V66   HG2#   1H   -0.008  0.008     31
   V66     HN   1H    9.730  0.015     37
   V66      N  15N  131.159  0.046     27
   T67     CA  13C   61.870  0.046      8
   T67     CB  13C   70.971  0.066      9
   T67    CG2  13C   20.746  0.100      6
   T67     HA   1H    5.454  0.008     16
   T67     HB   1H    3.845  0.009     18
   T67   HG2#   1H    1.154  0.008     16
   T67     HN   1H    8.936  0.007     35
   T67      N  15N  122.277  0.053     26
   F68     CA  13C   54.202  0.038      9
   F68     CB  13C   39.718  0.071     11
   F68     HA   1H    4.526  0.008     18
   F68    HB1   1H    2.151  0.008      7
   F68    HB2   1H    1.372  0.010      9
   F68    HD#   1H    6.692  0.014     13
   F68    HE#   1H    6.810  0.000      1
   F68     HN   1H    9.693  0.012     27
   F68     HZ   1H    6.581  0.002      3
   F68      N  15N  129.386  0.056     23
   P69     CA  13C   61.189  0.000      1
   P69     CB  13C   32.375  0.031      7
   P69     CD  13C   50.799  0.055     12
   P69     CG  13C   27.019  0.152     16
   P69     HA   1H    4.664  0.012      9
   P69    HB1   1H    2.075  0.011      9
   P69    HB2   1H    1.931  0.005      4
   P69    HD1   1H    3.494  0.010     20
   P69    HD2   1H    3.739  0.006     13
   P69    HG1   1H    1.887  0.014     14
   P69    HG2   1H    2.094  0.015     14
   K70     CA  13C   57.251  0.049      9
   K70     CB  13C   33.043  0.057     15
   K70     CD  13C   30.231  0.041      7
   K70     CE  13C   42.207  0.070      4
   K70     CG  13C   24.445  0.077      7
   K70     HA   1H    3.466  0.012     26
   K70    HB1   1H    1.454  0.010      9
   K70    HB2   1H    1.354  0.012     11
   K70    HD#   1H    1.589  0.015     14
   K70    HE#   1H    2.974  0.016     12
   K70    HG#   1H    1.080  0.011     19
   K70     HN   1H    7.634  0.009     19
   K70      N  15N  119.701  0.043     10
   G71     CA  13C   44.273  0.031     12
   G71    HA1   1H    4.387  0.013      9
   G71    HA2   1H    3.605  0.012     11
   G71     HN   1H    9.365  0.010     31
   G71      N  15N  115.309  0.087     23
   L72     CA  13C   56.168  0.029      3
   L72     CB  13C   43.075  0.034     16
   L72    CD#  13C   24.494  0.054     14
   L72     CG  13C   27.793  0.050     18
   L72     HA   1H    4.437  0.010     14
   L72    HB1   1H    2.202  0.010     17
   L72    HB2   1H    1.600  0.009     15
   L72    HD*   1H    1.173  0.012     25
   L72     HG   1H    1.006  0.009     30
   L72     HN   1H    7.690  0.005     34
   L72      N  15N  123.464  0.026     25
   R73     CA  13C   55.488  0.040      9
   R73     CB  13C   32.474  0.030      7
   R73     CD  13C   43.337  0.118      7
   R73     CG  13C   28.989  0.058      8
   R73     HA   1H    5.338  0.011     16
   R73    HB1   1H    1.878  0.010      9
   R73    HB2   1H    2.008  0.020      9
   R73    HD#   1H    3.221  0.015     15
   R73    HG1   1H    1.864  0.011      6
   R73    HG2   1H    1.715  0.006      5
   R73     HN   1H    8.566  0.009     34
   R73      N  15N  127.665  0.045     23
   C74     CA  13C   56.135  0.035      9
   C74     CB  13C   32.594  0.018     11
   C74     HA   1H    5.468  0.007     16
   C74    HB1   1H    3.110  0.011     18
   C74    HB2   1H    2.769  0.010     15
   C74     HN   1H    9.089  0.009     40
   C74      N  15N  118.048  0.034     31
   R75     CA  13C   55.432  0.129      5
   R75     CB  13C   33.482  0.073     13
   R75     CD  13C   43.767  0.114      9
   R75     CG  13C   27.581  0.099      6
   R75     HA   1H    5.223  0.007     18
   R75    HB1   1H    1.795  0.017     12
   R75    HB2   1H    1.875  0.015     11
   R75    HD#   1H    3.202  0.013     16
   R75    HG#   1H    1.548  0.010     15
   R75     HN   1H    9.049  0.009     23
   R75      N  15N  121.533  0.055     19
   W76     CA  13C   58.089  0.046     13
   W76     CB  13C   30.741  0.037     18
   W76     HA   1H    4.429  0.012     26
   W76    HB1   1H    2.254  0.014     13
   W76    HB2   1H    1.806  0.014     16
   W76    HD1   1H    7.074  0.010      9
   W76    HE1   1H    8.686  0.001     11
   W76    HE3   1H    7.330  0.003      4
   W76    HH2   1H    6.939  0.005      2
   W76     HN   1H    9.350  0.013     28
   W76    HZ2   1H    6.833  0.008      3
   W76    HZ3   1H    7.111  0.000      2
   W76      N  15N  127.826  0.046     21
   W76    NE1  15N  127.423  0.018     11
   K77     CA  13C   55.740  0.000      0
   K77     CB  13C   34.791  0.070     18
   K77     CD  13C   30.149  0.047      3
   K77     CE  13C   42.255  0.052      6
   K77     CG  13C   25.766  0.043      6
   K77     HA   1H    4.852  0.010     17
   K77    HB1   1H    2.156  0.009     16
   K77    HB2   1H    1.598  0.012     13
   K77    HD#   1H    1.709  0.034      5
   K77    HE#   1H    2.909  0.011     12
   K77    HG1   1H    1.372  0.018     14
   K77    HG2   1H    1.183  0.011      9
   K77     HN   1H    8.684  0.012     26
   K77      N  15N  123.105  0.034     19
   V78     CA  13C   63.975  0.043     10
   V78     CB  13C   32.506  0.020      6
   V78    CG1  13C   22.972  0.056     14
   V78    CG2  13C   22.134  0.060     17
   V78     HA   1H    4.122  0.008     27
   V78     HB   1H    2.565  0.012     14
   V78   HG1#   1H    0.976  0.013     19
   V78   HG2#   1H    1.401  0.009     24
   V78     HN   1H    9.280  0.012     30
   V78      N  15N  128.510  0.042     24
   L79     CA  13C   56.308  0.033      5
   L79     CB  13C   43.631  0.040     14
   L79    CD1  13C   25.875  0.063     13
   L79    CD2  13C   23.133  0.053     13
   L79     CG  13C   27.275  0.122      6
   L79     HA   1H    4.415  0.009     21
   L79    HB1   1H    1.497  0.010     13
   L79    HB2   1H    1.718  0.014     14
   L79   HD1#   1H    0.889  0.008     16
   L79   HD2#   1H    0.860  0.010     23
   L79     HG   1H    1.770  0.007      6
   L79     HN   1H    8.716  0.007     38
   L79      N  15N  130.006  0.038     26
   E80     CA  13C   53.617  0.031      4
   E80     CB  13C   32.165  0.036     14
   E80     CG  13C   35.999  0.200     14
   E80     HA   1H    4.663  0.014     13
   E80    HB1   1H    1.675  0.011     14
   E80    HB2   1H    2.130  0.013     14
   E80    HG1   1H    2.181  0.013      9
   E80    HG2   1H    2.371  0.008     14
   E80     HN   1H    8.045  0.007     36
   E80      N  15N  119.779  0.018     21
   P81     CA  13C   64.852  0.016     10
   P81     CB  13C   32.423  0.064     10
   P81     CD  13C   50.745  0.102      3
   P81     CG  13C   28.011  0.140     14
   P81     HA   1H    4.111  0.009     25
   P81    HB1   1H    2.293  0.006      7
   P81    HB2   1H    1.911  0.010      9
   P81    HD#   1H    3.709  0.010     16
   P81    HG1   1H    2.232  0.008      9
   P81    HG2   1H    2.061  0.013      8
   V82     CA  13C   58.902  0.031     10
   V82     CB  13C   35.719  0.042      7
   V82    CG1  13C   23.430  0.049     16
   V82    CG2  13C   22.288  0.052     15
   V82     HA   1H    5.246  0.011     25
   V82     HB   1H    2.128  0.008     17
   V82   HG1#   1H    1.367  0.008     20
   V82   HG2#   1H    1.332  0.016     26
   V82     HN   1H    8.404  0.008     27
   V82      N  15N  123.071  0.050     18
   R83     CA  13C   55.714  0.019      3
   R83     CB  13C   34.302  0.005      8
   R83     CD  13C   43.470  0.051      5
   R83     CG  13C   28.695  0.135      7
   R83     HA   1H    5.279  0.014     13
   R83    HB1   1H    1.736  0.015      7
   R83    HB2   1H    1.656  0.009      8
   R83    HD1   1H    3.153  0.016     10
   R83    HD2   1H    3.213  0.014      5
   R83    HG1   1H    1.505  0.013      6
   R83    HG2   1H    1.618  0.002      4
   R83     HN   1H    8.257  0.008     29
   R83      N  15N  126.121  0.045     25
   K84     CA  13C   53.951  0.063     10
   K84     CB  13C   37.091  0.082     13
   K84     CD  13C   30.882  0.000      1
   K84     CE  13C   41.306  0.000      1
   K84     CG  13C   25.944  0.122     12
   K84     HA   1H    5.883  0.011     24
   K84    HB1   1H    2.120  0.008      8
   K84    HB2   1H    1.760  0.013     13
   K84    HG1   1H    2.101  0.012     13
   K84    HG2   1H    1.369  0.015     15
   K84     HN   1H    9.803  0.013     37
   K84      N  15N  123.003  0.050     29
   H85     CA  13C   55.887  0.055      9
   H85     CB  13C   33.097  0.027     13
   H85     HA   1H    6.067  0.007     17
   H85    HB1   1H    3.726  0.016     12
   H85    HB2   1H    3.138  0.013     15
   H85    HD2   1H    7.081  0.015      9
   H85    HE1   1H    7.795  0.002      2
   H85     HN   1H    8.987  0.008     26
   H85      N  15N  122.850  0.041     21
   Y86     CA  13C   56.804  0.040     10
   Y86     CB  13C   43.500  0.034      7
   Y86     HA   1H    5.962  0.010     17
   Y86    HB1   1H    3.080  0.019      8
   Y86    HB2   1H    2.681  0.014     12
   Y86    HD#   1H    6.832  0.008     18
   Y86    HE#   1H    6.663  0.014     16
   Y86     HN   1H    9.150  0.007     23
   Y86      N  15N  121.316  0.067     21
   N87     CA  13C   51.965  0.051      6
   N87     CB  13C   39.889  0.036     10
   N87     HA   1H    4.388  0.009     11
   N87    HB1   1H    0.008  0.007     11
   N87    HB2   1H    1.427  0.013     13
   N87     HN   1H    8.815  0.007     35
   N87      N  15N  119.208  0.046     29   
   N87    ND2  15N  111.390  0.000      0
   L88     CA  13C   53.769  0.015      5
   L88     CB  13C   41.636  0.027     10
   L88    CD1  13C   22.666  0.081      4
   L88    CD2  13C   25.562  0.077      7
   L88     CG  13C   27.254  0.090      4
   L88     HA   1H    5.219  0.010     17
   L88    HB1   1H    1.761  0.017     13
   L88    HB2   1H    1.584  0.011     13
   L88   HD1#   1H    0.946  0.006     15
   L88   HD2#   1H    1.056  0.008     12
   L88     HG   1H    1.823  0.018      5
   L88     HN   1H    7.956  0.005     24
   L88      N  15N  126.234  0.025     21
   F89     CA  13C   56.629  0.023      3
   F89     CB  13C   40.651  0.045      5
   F89     HA   1H    4.953  0.002      6
   F89    HB#   1H    3.047  0.009      6
   F89    HD#   1H    7.126  0.006     10
   F89    HE#   1H    7.399  0.008      6
   F89     HN   1H    8.068  0.006     27
   F89     HZ   1H    7.127  0.000      1
   F89      N  15N  119.013  0.041     22
