  ResAtom  Shift   Unknown
  6.C      177.124 1
  7.N      121.117 1
  7.HN       8.504 1
  7.CA      57.839 1
  7.HA       3.943 1
  7.CB      40.261 1
  7.HB2      1.683 2
  7.HB1      1.680 2
  7.CD1     25.869 1
  7.HD11     0.946 2
  7.HD21     0.880 2
  7.C      179.416 1
  8.N      111.114 1
  8.HN       7.270 1
  8.CA      59.011 1
  8.HA       4.170 1
  8.CB      36.745 1
  8.HB2      3.210 2
  8.HB1      2.980 2
  8.CD1    117.635 2
  8.HD1      7.150 3
  8.CE1    118.336 2
  8.HE1      6.748 3
  8.C      176.996 1
  9.N      121.740 1
  9.HN       7.348 1
  9.CA      57.839 1
  9.HA       4.090 1
  9.CB      29.714 1
  9.HB2      1.794 2
  9.HB1      2.014 2
  9.C      176.977 1
 10.N      114.678 1
 10.HN       7.641 1
 10.CA      55.495 1
 10.HA       4.483 1
 10.CB      33.230 1
 10.HB2      2.130 2
 10.HB1      2.661 2
 10.HG2      1.940 2
 10.C      177.702 1
 11.N      120.203 1
 11.HN       7.453 1
 11.CA      55.495 1
 11.HA       4.560 1
 11.CB      41.433 1
 11.HB2      2.030 2
 11.HB1      1.734 2
 11.CD1     27.370 2
 11.HD11     0.923 4
 11.CD2     23.855 2
 11.HD21     0.830 2
 11.C      178.091 1
 12.N      115.087 1
 12.HN       9.340 1
 12.CA      61.354 1
 12.HA       4.420 1
 12.CB      70.729 1
 12.CG2     21.841 1
 12.HG21     1.327 1
 14.CA      57.839 1
 14.HA       4.120 1
 14.CB      29.714 1
 14.HB2      1.253 2
 14.HB1      1.575 2
 14.CG      26.198 1
 14.HG1      1.912 2
 14.CD      42.605 1
 14.HD2      3.190 2
 14.HD1      3.080 2
 14.C      178.328 1
 15.N      118.398 1
 15.HN       7.618 1
 15.CA      59.011 1
 15.HA       3.558 1
 15.CB      30.886 1
 15.HB2      1.890 2
 15.HB1      1.810 2
 15.CG      37.917 1
 15.HG1      2.360 2
 15.CD       2.240 1
 15.C      178.285 1
 16.N      118.487 1
 16.HN       8.659 1
 16.CA      57.839 1
 16.HA       4.270 1
 16.CB      30.886 1
 16.HB2      2.700 2
 16.HB1      2.490 2
 16.CG      32.058 1
 16.HG2      1.370 2
 16.C      177.220 1
 17.N      118.501 1
 17.HN       7.784 1
 17.CA      59.011 1
 17.HA       3.860 1
 17.CB      29.714 1
 17.HB2      2.100 2
 17.HB1      2.170 2
 17.CG      36.745 1
 17.C      179.570 1
 18.N      118.486 1
 18.HN       7.857 1
 18.CA      64.870 1
 18.HA       3.556 1
 18.CB      36.745 1
 18.HB       1.892 1
 18.CG1     29.570 2
 18.HG12     1.048 1
 18.HG11     1.556 1
 18.CD1     12.865 1
 18.HD11     0.545 1
 18.CG2     17.114 1
 18.HG21     0.818 2
 18.C      177.320 1
 19.N      122.751 1
 19.HN       8.762 1
 19.CA      57.839 1
 19.HA       3.970 1
 19.CB      41.433 1
 19.HB2      2.290 2
 19.HB1      1.380 2
 19.CD1     22.420 1
 19.HD11     0.850 2
 19.CD2     26.652 1
 19.HD21     0.870 2
 19.C      177.760 1
 20.N      117.332 1
 20.HN       8.042 1
 20.CA      57.839 1
 20.HA       3.813 1
 20.CB      40.261 1
 20.HB2      1.838 2
 20.HB1      1.362 2
 20.CD1     22.859 1
 20.HD11     0.688 2
 20.CD2     24.762 1
 20.HD21     0.847 2
 20.C      179.171 1
 21.N      117.613 1
 21.HN       7.426 1
 21.CA      57.839 1
 21.HA       3.879 1
 21.CB      41.433 1
 21.HB2      1.938 2
 21.HB1      0.960 2
 21.CD1     26.399 1
 21.HD11     0.729 2
 21.CD2     21.279 2
 21.HD21     0.348 2
 21.C      180.255 1
 22.N      122.299 1
 22.HN       8.801 1
 22.CA      66.042 1
 22.HA       3.762 1
 22.CB      37.917 1
 22.HB       2.184 1
 22.CG1     28.510 2
 22.CD1     14.395 1
 22.HD11     0.791 1
 22.CG2     17.280 2
 22.HG21     0.851 4
 22.C      180.956 1
 23.N      122.394 1
 23.HN       8.543 1
 23.CA      54.323 1
 23.HA       4.265 1
 23.CB      17.995 1
 23.HB1      1.370 1
 23.C      177.248 1
 24.N      115.975 1
 24.HN       7.462 1
 24.CA      56.667 1
 24.HA       4.378 1
 24.CB      33.230 1
 24.HB2      1.798 2
 24.HB1      1.798 2
 24.CG      26.198 1
 24.HG1      1.612 2
 24.CD      29.714 1
 24.HD1      2.120 2
 24.CE      42.605 1
 24.HE1      2.958 2
 24.C      177.093 1
 25.N      107.419 1
 25.HN       8.196 1
 25.CA      44.948 1
 25.HA2      3.740 2
 25.HA1      4.330 2
 25.C      174.928 1
 26.N      120.752 1
 26.HN       7.890 1
 26.CA      57.839 1
 26.HA       3.770 1
 26.CB      37.917 1
 26.HB2      3.009 2
 26.HB1      2.730 2
 26.CD1    115.901 3
 26.HD1      7.277 2
 26.CE1    119.197 2
 26.HE1      6.914 2
 26.C      176.968 1
 27.N      120.054 1
 27.HN       9.467 1
 27.CA      56.667 1
 27.HA       4.510 1
 27.CB      66.042 1
 27.HB2      4.110 2
 27.HB1      4.110 2
 28.CA      59.011 1
 28.CB      29.714 1
 29.CA      59.011 1
 29.HA       4.010 1
 29.CB      28.542 1
 29.HB2      2.510 2
 29.HB1      2.510 2
 29.CG      34.401 1
 29.C      178.325 1
 30.N      120.927 1
 30.HN       7.780 1
 30.CA      59.011 1
 30.HA       4.050 1
 30.CB      29.714 1
 30.HB2      2.260 2
 30.HB1      2.260 2
 30.CG      36.290 1
 30.HG2      2.380 2
 30.HG1      2.100 2
 30.C      180.109 1
 31.N      121.392 1
 31.HN       8.667 1
 31.CA      66.042 1
 31.HA       3.540 1
 31.CB      37.917 1
 31.HB       2.013 1
 31.CG1     29.860 2
 31.CD1     13.934 1
 31.HD11     0.719 1
 31.CG2     18.521 1
 31.HG21     0.860 2
 31.C      177.836 1
 32.N      124.465 1
 32.HN       8.412 1
 32.CA      55.495 1
 32.HA       3.788 1
 32.CB      17.995 1
 32.HB1      1.536 1
 32.C      179.667 1
 33.N      111.330 1
 33.HN       8.004 1
 33.CA      61.354 1
 33.HA       4.215 1
 33.CB      63.698 1
 33.HB2      3.947 2
 33.HB1      3.947 2
 33.C      176.791 1
 34.N      121.989 1
 34.HN       7.950 1
 34.CA      54.323 1
 34.HA       3.810 1
 34.CB      19.167 1
 34.HB1      1.510 1
 34.C      179.056 1
 35.N      109.736 1
 35.HN       7.933 1
 35.CA      60.183 1
 35.HA       4.470 1
 35.CB      70.729 1
 35.HB2      3.710 2
 35.HB1      3.710 2
 36.CA      57.839 1
 36.HA       4.290 1
 36.CB      27.370 1
 36.HB2      3.330 2
 36.HB1      3.330 2
 36.HE1      7.626 3
 36.C      174.770 1
 37.N      112.778 1
 37.HN       7.929 1
 37.CA      59.011 1
 37.HA       4.950 1
 37.CB      41.433 1
 37.HB       2.052 1
 37.CG1     25.026 2
 37.HG12     1.350 1
 37.HG11     1.350 1
 37.CD1     13.894 1
 37.HD11     0.792 1
 37.CG2     18.341 1
 37.HG21     1.040 2
 37.C      175.081 1
 38.N      109.572 1
 38.HN       8.168 1
 38.CA      60.183 1
 38.HA       4.510 1
 38.CB      70.729 1
 38.HB       4.350 1
 38.CG2     22.027 1
 38.HG21     1.424 1
 39.CA      63.698 1
 39.HA       4.100 1
 39.CD1     13.413 1
 39.HD11     0.926 1
 39.CG2     17.904 2
 39.HG21     1.009 4
 39.C      177.404 1
 40.N      121.107 1
 40.HN       8.016 1
 40.CA      60.183 1
 40.HA       3.990 1
 40.CB      32.058 1
 40.HB2      1.760 2
 40.HB1      1.910 2
 40.HG2      1.440 2
 40.HG1      1.550 2
 40.HD2      0.980 2
 40.HD1      1.360 2
 40.HE2      3.020 2
 40.HE1      3.020 2
 40.C      178.908 1
 41.N      118.126 1
 41.HN       7.745 1
 41.CA      66.042 1
 41.HA       4.400 1
 41.CB      68.386 1
 41.HB       3.913 1
 41.CG2     23.234 1
 41.HG21     1.235 1
 41.C      176.353 1
 42.N      122.346 1
 42.HN       8.321 1
 42.CA      68.386 1
 42.HA       3.420 1
 42.CB      32.058 1
 42.HB       2.410 1
 42.CG2     21.579 1
 42.HG21     0.953 2
 42.CG1     23.748 1
 42.HG11     1.044 2
 42.C      177.203 1
 43.N      117.807 1
 43.HN       8.524 1
 43.CA      61.354 1
 43.HA       3.824 1
 43.CB      32.058 1
 43.HB2      1.960 2
 43.HB1      1.960 2
 43.CG      29.714 1
 43.HG2      1.720 2
 43.HG1      1.430 2
 43.CD      26.198 1
 43.HD1      0.990 2
 43.HE2      3.000 2
 43.HE1      3.000 2
 43.C      179.648 1
 44.N      118.107 1
 44.HN       7.916 1
 44.CA      66.042 1
 44.HA       4.216 1
 44.CB      68.386 1
 44.HB       3.954 1
 44.CG2     21.690 1
 44.HG21     1.137 1
 44.C      176.174 1
 45.N      120.588 1
 45.HN       8.143 1
 45.CA      60.183 1
 45.HA       4.790 1
 45.CB      30.886 1
 45.HB2      2.790 2
 45.HB1      3.360 2
 45.C      178.526 1
 46.N      118.759 1
 46.HN       9.109 1
 46.CA      68.386 1
 46.HA       3.462 1
 46.CB      32.058 1
 46.HB       2.180 1
 46.CG2     21.120 1
 46.HG21     0.919 2
 46.CG1     23.124 2
 46.HG11     1.049 4
 46.C      177.341 1
 47.N      113.910 1
 47.HN       8.112 1
 47.CA      62.526 1
 47.HA       4.128 1
 47.CB      68.386 1
 47.HB2      4.050 2
 47.HB1      4.050 2
 47.C      177.404 1
 48.N      121.218 1
 48.HN       8.067 1
 48.CA      55.495 1
 48.HA       4.593 1
 48.CB      37.917 1
 48.HB2      3.235 2
 48.HB1      2.736 2
 48.C      177.575 1
 49.N      122.751 1
 49.HN       8.762 1
 49.CA      66.042 1
 49.HA       3.350 1
 49.CB      37.917 1
 49.HB       2.060 1
 49.CG1     29.706 2
 49.HG12     0.716 1
 49.HG11     0.716 1
 49.CD1     15.283 1
 49.HD11     0.898 1
 49.CG2     18.029 2
 49.HG21     0.774 4
 49.C      177.024 1
 50.N      117.233 1
 50.HN       8.379 1
 50.CA      57.839 1
 50.HA       3.698 1
 50.CB      39.089 1
 50.HB2      1.540 2
 50.HB1      1.792 2
 50.CD1     24.777 1
 50.HD11     0.712 2
 50.CD2     23.208 1
 50.HD21     0.509 2
 50.HD22     0.497 4
 50.C      179.048 1
 51.N      110.520 1
 51.HN       7.667 1
 51.CA      61.354 1
 51.HA       4.270 1
 51.CB      63.698 1
 51.HB2      4.037 2
 51.HB1      4.037 2
 51.C      178.593 1
 52.N      121.984 1
 52.HN       8.375 1
 52.CA      60.183 1
 52.HA       3.991 1
 52.CB      34.401 1
 52.HB2      1.800 2
 52.HB1      1.800 2
 52.HG2      1.610 2
 52.HG1      1.610 2
 52.HD2      1.340 2
 52.HD1      1.340 2
 52.HE2      2.970 2
 52.HE1      2.940 2
 52.C      178.084 1
 53.N      113.269 1
 53.HN       7.883 1
 53.CA      54.323 1
 53.HA       3.920 1
 53.CB      41.433 1
 53.HB2      0.943 2
 53.HB1      1.470 2
 53.CD1     25.670 2
 53.HD11     0.454 2
 53.CD2     21.307 2
 53.HD21     0.151 2
 53.C      173.569 1
 54.N      113.727 1
 54.HN       7.579 1
 54.CA      56.667 1
 54.HA       3.808 1
 54.CB      26.198 1
 54.HB2      2.136 2
 54.HB1      2.080 2
 54.CG      36.745 1
 54.HG2      2.220 2
 54.HG1      2.220 2
 54.C      176.231 1
 55.N      108.418 1
 55.HN       7.916 1
 55.CA      59.011 1
 55.HA       4.900 1
 55.CB      34.401 1
 55.CG2     21.179 1
 55.HG21     0.861 2
 55.CG1     19.188 2
 55.HG11     0.741 4
 56.N      115.746 1
 56.HN       8.351 1
 56.CA      57.839 1
 56.HA       4.290 1
 56.CB      30.886 1
 56.HB2      2.440 2
 56.HB1      2.440 2
 56.CG      34.401 1
 56.C      176.084 1
 57.N      113.557 1
 57.HN       7.416 1
 57.CA      53.151 1
 57.HA       4.270 1
 57.CB      43.776 1
 57.HB2      2.260 2
 57.HB1      2.840 2
 58.N      118.561 1
 58.HN       8.303 1
 58.CA      60.183 1
 58.HA       4.008 1
 58.CB      32.058 1
 58.HB1      1.774 2
 58.CG      25.026 1
 58.HG1      1.774 2
 58.CD      29.714 1
 58.HD1      3.015 2
 58.C      177.511 1
 59.N      114.814 1
 59.HN       8.071 1
 59.CA      66.042 1
 59.HA       4.350 1
 59.CB      68.386 1
 59.HB       3.947 1
 59.CG2     22.777 1
 59.HG21     1.277 1
 59.C      177.014 1
 60.N      120.121 1
 60.HN       8.567 1
 60.CA      59.011 1
 60.HA       4.150 1
 60.CB      28.542 1
 60.HB2      2.646 2
 60.HB1      2.899 2
 60.CG      34.401 1
 60.HG2      2.250 2
 60.HG1      2.250 2
 60.C      179.331 1
 61.N      122.897 1
 61.HN       7.854 1
 61.CA      55.495 1
 61.HA       4.043 1
 61.CB      16.823 1
 61.HB1      1.362 1
 61.C      177.899 1
 62.N      118.501 1
 62.HN       7.784 1
 62.CA      67.214 1
 62.HA       3.480 1
 62.CB      32.058 1
 62.HB       2.510 1
 62.CG2     24.354 1
 62.HG21     1.130 2
 62.CG1     21.907 1
 62.HG11     0.889 2
 62.C      177.578 1
 63.N      119.374 1
 63.HN       7.984 1
 63.CA      66.042 1
 63.HA       3.700 1
 63.CB      37.917 1
 63.HB       1.890 1
 63.HG11     1.294 1
 63.CD1     13.934 1
 63.HD11     0.888 1
 63.CG2     18.251 1
 63.HG21     1.050 2
 63.C      178.391 1
 64.N      120.331 1
 64.HN       8.234 1
 64.CA      62.526 1
 64.HA       4.240 1
 64.CB      37.917 1
 64.HB2      3.140 2
 64.HB1      3.520 2
 64.CD1    117.433 3
 64.HD1      6.990 3
 64.CE1    118.554 2
 64.HE1      6.714 3
 64.C      177.586 1
 65.N      121.313 1
 65.HN       8.369 1
 65.CA      55.495 1
 65.HA       3.922 1
 65.CB      17.995 1
 65.HB1      1.368 1
 65.C      179.472 1
 66.N      116.599 1
 66.HN       8.255 1
 66.CA      61.354 1
 66.HA       4.280 1
 66.CB      39.089 1
 66.HB2      2.870 2
 66.HB1      2.968 2
 66.HD1      7.340 3
 66.CE1    116.190 3
 66.HE1      7.340 3
 66.C      180.486 1
 67.N      121.535 1
 67.HN       8.931 1
 67.CA      59.011 1
 67.HA       4.030 1
 67.CB      28.542 1
 67.HB2      1.810 2
 67.HB1      2.140 2
 67.CG      34.050 1
 67.HG2      2.490 2
 67.HG1      2.240 2
 67.C      177.538 1
 68.N      114.412 1
 68.HN       7.591 1
 68.CA      56.667 1
 68.HA       4.420 1
 68.CB      29.714 1
 68.HB2      3.316 2
 68.HB1      2.266 2
 68.C      173.505 1
 69.N      114.616 1
 69.HN       7.847 1
 69.CA      54.323 1
 69.HA       4.487 1
 69.CB      36.745 1
 69.HB2      2.720 2
 69.HB1      3.070 2
 69.C      175.064 1
 70.N      114.462 1
 70.HN       8.261 1
 70.CA      55.495 1
 70.HA       4.080 1
 70.CB      41.433 1
 70.HB2      1.320 2
 70.HB1      1.460 2
 70.CD1     25.082 2
 70.HD11     0.572 2
 70.CD2     20.643 2
 70.HD21     0.118 4
 70.C      176.209 1
 71.N      115.199 1
 71.HN       7.155 1
 71.CA      59.011 1
 71.HA       4.026 1
 71.CB      39.089 1
 71.HB       1.550 1
 71.CG1     27.370 2
 71.HG12     0.930 1
 71.HG11     0.930 1
 71.CD1     13.323 1
 71.HD11     0.452 1
 71.CG2     16.565 2
 71.HG21     0.321 4
 71.C      173.450 1
 72.N      128.776 1
 72.HN       7.603 1
 72.CA      57.839 1
 72.HA       4.260 1
 72.CB      30.886 1
 72.HB2      2.126 2
 72.HB1      1.991 2
 72.HG2      1.880 2
 72.HG1      2.210 2
